<?xml version="1.0" encoding="UTF-8"?>
<!-- Generated by org.testng.reporters.JUnitXMLReporter -->
<testsuite ignored="0" hostname="ATMECSINLT-601" failures="0" tests="0" time="0.02" errors="0" timestamp="2020-10-01T12:44:50 IST">
  <testcase classname="com.atmecs.automating_travelsite.tests.parallel" name="@BeforeTest preCondition" time="-1.601536490082E9">
    <failure type="org.testng.TestNGException" message="
Parameter &amp;apos;browser&amp;apos; is required by BeforeTest on method preCondition but has not been marked @Optional or defined
in C:\Users\alfin.anthonyraj\Automation_Selenium\automating_travelsite\testng.xml">
      <![CDATA[org.testng.TestNGException: 
Parameter 'browser' is required by BeforeTest on method preCondition but has not been marked @Optional or defined
in C:\Users\alfin.anthonyraj\Automation_Selenium\automating_travelsite\testng.xml
... Removed 21 stack frames]]>
    </failure>
  </testcase> <!-- @BeforeTest preCondition -->
</testsuite>
