<?xml version="1.0" encoding="UTF-8"?>
<!-- Generated by org.testng.reporters.JUnitXMLReporter -->
<testsuite ignored="0" hostname="ATMECSINLT-601" failures="2" tests="4" name="Test1" time="47.783" errors="0" timestamp="2020-10-05T15:06:27 IST">
  <testcase classname="com.atmecs.automating_travelsite.tests.SearchingFlight" name="searchingFlight" time="1.763"/>
  <testcase classname="com.atmecs.automating_travelsite.tests.SearchingFlight" name="searchingFlight" time="15.425">
    <failure type="java.lang.NullPointerException">
      <![CDATA[java.lang.NullPointerException
at com.atmecs.automating_travelsite.utilities.TakeScreenShots.takeScreenshot(TakeScreenShots.java:18)
at com.atmecs.automating_travelsite.utilities.TestNGListeners.onTestSuccess(TestNGListeners.java:22)
at java.base/java.util.ArrayList.forEach(ArrayList.java:1510)
... Removed 24 stack frames]]>
    </failure>
  </testcase> <!-- searchingFlight -->
  <testcase classname="com.atmecs.automating_travelsite.tests.HandlingWindow" name="handlingWindow" time="8.462"/>
  <testcase classname="com.atmecs.automating_travelsite.tests.HandlingWindow" name="handlingWindow" time="32.332">
    <failure type="java.lang.NullPointerException">
      <![CDATA[java.lang.NullPointerException
at com.atmecs.automating_travelsite.utilities.TakeScreenShots.takeScreenshot(TakeScreenShots.java:18)
at com.atmecs.automating_travelsite.utilities.TestNGListeners.onTestSuccess(TestNGListeners.java:22)
at java.base/java.util.ArrayList.forEach(ArrayList.java:1510)
... Removed 24 stack frames]]>
    </failure>
  </testcase> <!-- handlingWindow -->
</testsuite> <!-- Test1 -->
