<?xml version="1.0" encoding="UTF-8"?>
<!-- Generated by org.testng.reporters.JUnitXMLReporter -->
<testsuite ignored="0" hostname="ATMECSINLT-601" failures="0" tests="10" name="Test1" time="42.667" errors="0" timestamp="2020-10-09T15:45:30 IST">
  <testcase classname="com.atmecs.automating_travelsite.basetest.BaseTest" name="@BeforeMethod beforeTest" time="7.698">
    <failure type="java.lang.AssertionError" message="expected [https://www.skyscanner.co.in/] but found [https://www.skyscanner.co.in/sttc/px/captcha-v2/index.html?url=Lz8=&amp;amp;uuid=5743b500-0a18-11eb-b845-bb1f95452ec4&amp;amp;vid=]">
      <![CDATA[java.lang.AssertionError: expected [https://www.skyscanner.co.in/] but found [https://www.skyscanner.co.in/sttc/px/captcha-v2/index.html?url=Lz8=&uuid=5743b500-0a18-11eb-b845-bb1f95452ec4&vid=]
at com.atmecs.automating_travelsite.basetest.BaseTest.beforeTest(BaseTest.java:50)
at java.base/java.util.ArrayList.forEach(ArrayList.java:1510)
at java.base/java.util.concurrent.FutureTask.run(FutureTask.java:264)
at java.base/java.util.concurrent.ThreadPoolExecutor.runWorker(ThreadPoolExecutor.java:1130)
at java.base/java.util.concurrent.ThreadPoolExecutor$Worker.run(ThreadPoolExecutor.java:630)
at java.base/java.lang.Thread.run(Thread.java:832)
... Removed 28 stack frames]]>
    </failure>
  </testcase> <!-- @BeforeMethod beforeTest -->
  <testcase classname="com.atmecs.automating_travelsite.basetest.BaseTest" name="@AfterMethod afterTest" time="-1.602238525911E9">
    <skipped/>
  </testcase> <!-- @AfterMethod afterTest -->
  <testcase classname="com.atmecs.automating_travelsite.basetest.BaseTest" name="@BeforeMethod beforeTest" time="-1.602238525911E9">
    <skipped/>
  </testcase> <!-- @BeforeMethod beforeTest -->
  <testcase classname="com.atmecs.automating_travelsite.basetest.BaseTest" name="@AfterMethod afterTest" time="-1.602238525912E9">
    <skipped/>
  </testcase> <!-- @AfterMethod afterTest -->
  <testcase classname="com.atmecs.automating_travelsite.basetest.BaseTest" name="@BeforeMethod beforeTest" time="-1.602238525912E9">
    <skipped/>
  </testcase> <!-- @BeforeMethod beforeTest -->
  <testcase classname="com.atmecs.automating_travelsite.basetest.BaseTest" name="@AfterMethod afterTest" time="-1.602238525913E9">
    <skipped/>
  </testcase> <!-- @AfterMethod afterTest -->
  <testcase classname="com.atmecs.automating_travelsite.basetest.BaseTest" name="@BeforeMethod beforeTest" time="-1.602238525913E9">
    <skipped/>
  </testcase> <!-- @BeforeMethod beforeTest -->
  <testcase classname="com.atmecs.automating_travelsite.basetest.BaseTest" name="@AfterMethod afterTest" time="-1.602238525913E9">
    <skipped/>
  </testcase> <!-- @AfterMethod afterTest -->
  <testcase classname="com.atmecs.automating_travelsite.basetest.BaseTest" name="@BeforeMethod beforeTest" time="4.538">
    <failure type="java.lang.AssertionError" message="expected [https://www.skyscanner.co.in/] but found [https://www.skyscanner.co.in/sttc/px/captcha-v2/index.html?url=Lz8=&amp;amp;uuid=5b888aa0-0a18-11eb-8bd3-4b00973213b6&amp;amp;vid=]">
      <![CDATA[java.lang.AssertionError: expected [https://www.skyscanner.co.in/] but found [https://www.skyscanner.co.in/sttc/px/captcha-v2/index.html?url=Lz8=&uuid=5b888aa0-0a18-11eb-8bd3-4b00973213b6&vid=]
at com.atmecs.automating_travelsite.basetest.BaseTest.beforeTest(BaseTest.java:50)
at java.base/java.util.ArrayList.forEach(ArrayList.java:1510)
at java.base/java.util.concurrent.FutureTask.run(FutureTask.java:264)
at java.base/java.util.concurrent.ThreadPoolExecutor.runWorker(ThreadPoolExecutor.java:1130)
at java.base/java.util.concurrent.ThreadPoolExecutor$Worker.run(ThreadPoolExecutor.java:630)
at java.base/java.lang.Thread.run(Thread.java:832)
... Removed 28 stack frames]]>
    </failure>
  </testcase> <!-- @BeforeMethod beforeTest -->
  <testcase classname="com.atmecs.automating_travelsite.basetest.BaseTest" name="@AfterMethod afterTest" time="-1.602238530536E9">
    <skipped/>
  </testcase> <!-- @AfterMethod afterTest -->
  <testcase classname="com.atmecs.automating_travelsite.basetest.BaseTest" name="@BeforeMethod beforeTest" time="-1.602238530537E9">
    <skipped/>
  </testcase> <!-- @BeforeMethod beforeTest -->
  <testcase classname="com.atmecs.automating_travelsite.basetest.BaseTest" name="@AfterMethod afterTest" time="-1.602238530537E9">
    <skipped/>
  </testcase> <!-- @AfterMethod afterTest -->
  <testcase classname="com.atmecs.automating_travelsite.basetest.BaseTest" name="@BeforeMethod beforeTest" time="-1.602238530538E9">
    <skipped/>
  </testcase> <!-- @BeforeMethod beforeTest -->
  <testcase classname="com.atmecs.automating_travelsite.basetest.BaseTest" name="@AfterMethod afterTest" time="-1.602238530538E9">
    <skipped/>
  </testcase> <!-- @AfterMethod afterTest -->
  <testcase classname="com.atmecs.automating_travelsite.basetest.BaseTest" name="@BeforeMethod beforeTest" time="-1.602238530539E9">
    <skipped/>
  </testcase> <!-- @BeforeMethod beforeTest -->
  <testcase classname="com.atmecs.automating_travelsite.basetest.BaseTest" name="@AfterMethod afterTest" time="-1.602238530541E9">
    <skipped/>
  </testcase> <!-- @AfterMethod afterTest -->
  <testcase classname="com.atmecs.automating_travelsite.basetest.BaseTest" name="@BeforeMethod beforeTest" time="-1.602238530542E9">
    <skipped/>
  </testcase> <!-- @BeforeMethod beforeTest -->
  <testcase classname="com.atmecs.automating_travelsite.basetest.BaseTest" name="@AfterMethod afterTest" time="-1.602238530542E9">
    <skipped/>
  </testcase> <!-- @AfterMethod afterTest -->
  <testcase classname="com.atmecs.automating_travelsite.tests.SearchingFlight" name="searchingFlight" time="3.436"/>
  <testcase classname="com.atmecs.automating_travelsite.tests.SearchingFlight" name="searchingFlight" time="0.0">
    <skipped/>
  </testcase> <!-- searchingFlight -->
  <testcase classname="com.atmecs.automating_travelsite.tests.SearchingFlight" name="searchingFlight" time="0.001">
    <skipped/>
  </testcase> <!-- searchingFlight -->
  <testcase classname="com.atmecs.automating_travelsite.tests.SearchingFlight" name="searchingFlight" time="0.0">
    <skipped/>
  </testcase> <!-- searchingFlight -->
  <testcase classname="com.atmecs.automating_travelsite.tests.SearchingFlight" name="searchingFlight" time="0.0">
    <skipped/>
  </testcase> <!-- searchingFlight -->
  <testcase classname="com.atmecs.automating_travelsite.tests.HandlingWindow" name="handlingWindow" time="0.0">
    <skipped/>
  </testcase> <!-- handlingWindow -->
  <testcase classname="com.atmecs.automating_travelsite.tests.HandlingWindow" name="handlingWindow" time="0.0">
    <skipped/>
  </testcase> <!-- handlingWindow -->
  <testcase classname="com.atmecs.automating_travelsite.tests.HandlingWindow" name="handlingWindow" time="0.0">
    <skipped/>
  </testcase> <!-- handlingWindow -->
  <testcase classname="com.atmecs.automating_travelsite.tests.HandlingWindow" name="handlingWindow" time="0.0">
    <skipped/>
  </testcase> <!-- handlingWindow -->
  <testcase classname="com.atmecs.automating_travelsite.tests.HandlingWindow" name="handlingWindow" time="0.0">
    <skipped/>
  </testcase> <!-- handlingWindow -->
</testsuite> <!-- Test1 -->
