<?xml version="1.0" encoding="UTF-8"?>
<!-- Generated by org.testng.reporters.JUnitXMLReporter -->
<testsuite ignored="0" hostname="ATMECSINLT-601" failures="0" tests="10" name="Test2" time="99.75" errors="0" timestamp="2020-10-12T16:00:03 IST">
  <testcase classname="com.atmecs.automating_travelsite.basetest.BaseTest" name="@BeforeMethod beforeTest" time="22.454">
    <failure type="java.lang.AssertionError" message="expected [https://www.skyscanner.co.in/] but found [https://www.skyscanner.co.in/sttc/px/captcha-v2/index.html?url=Lz8=&amp;amp;uuid=dce84a90-0c75-11eb-8c5f-65f02a1528f5&amp;amp;vid=]">
      <![CDATA[java.lang.AssertionError: expected [https://www.skyscanner.co.in/] but found [https://www.skyscanner.co.in/sttc/px/captcha-v2/index.html?url=Lz8=&uuid=dce84a90-0c75-11eb-8c5f-65f02a1528f5&vid=]
at com.atmecs.automating_travelsite.basetest.BaseTest.beforeTest(BaseTest.java:50)
at java.base/java.util.ArrayList.forEach(ArrayList.java:1510)
at java.base/java.util.concurrent.FutureTask.run(FutureTask.java:264)
at java.base/java.util.concurrent.ThreadPoolExecutor.runWorker(ThreadPoolExecutor.java:1130)
at java.base/java.util.concurrent.ThreadPoolExecutor$Worker.run(ThreadPoolExecutor.java:630)
at java.base/java.lang.Thread.run(Thread.java:832)
... Removed 28 stack frames]]>
    </failure>
  </testcase> <!-- @BeforeMethod beforeTest -->
  <testcase classname="com.atmecs.automating_travelsite.basetest.BaseTest" name="@AfterMethod afterTest" time="-1.602498593241E9">
    <skipped/>
  </testcase> <!-- @AfterMethod afterTest -->
  <testcase classname="com.atmecs.automating_travelsite.basetest.BaseTest" name="@BeforeMethod beforeTest" time="-1.602498593242E9">
    <skipped/>
  </testcase> <!-- @BeforeMethod beforeTest -->
  <testcase classname="com.atmecs.automating_travelsite.basetest.BaseTest" name="@AfterMethod afterTest" time="-1.602498593244E9">
    <skipped/>
  </testcase> <!-- @AfterMethod afterTest -->
  <testcase classname="com.atmecs.automating_travelsite.basetest.BaseTest" name="@BeforeMethod beforeTest" time="-1.602498593245E9">
    <skipped/>
  </testcase> <!-- @BeforeMethod beforeTest -->
  <testcase classname="com.atmecs.automating_travelsite.basetest.BaseTest" name="@AfterMethod afterTest" time="-1.602498593245E9">
    <skipped/>
  </testcase> <!-- @AfterMethod afterTest -->
  <testcase classname="com.atmecs.automating_travelsite.basetest.BaseTest" name="@BeforeMethod beforeTest" time="9.832">
    <failure type="java.lang.AssertionError" message="expected [https://www.skyscanner.co.in/] but found [https://www.skyscanner.co.in/sttc/px/captcha-v2/index.html?url=Lz8=&amp;amp;uuid=e2aa2340-0c75-11eb-832a-7d31b0ce91df&amp;amp;vid=]">
      <![CDATA[java.lang.AssertionError: expected [https://www.skyscanner.co.in/] but found [https://www.skyscanner.co.in/sttc/px/captcha-v2/index.html?url=Lz8=&uuid=e2aa2340-0c75-11eb-832a-7d31b0ce91df&vid=]
at com.atmecs.automating_travelsite.basetest.BaseTest.beforeTest(BaseTest.java:50)
at java.base/java.util.ArrayList.forEach(ArrayList.java:1510)
at java.base/java.util.concurrent.FutureTask.run(FutureTask.java:264)
at java.base/java.util.concurrent.ThreadPoolExecutor.runWorker(ThreadPoolExecutor.java:1130)
at java.base/java.util.concurrent.ThreadPoolExecutor$Worker.run(ThreadPoolExecutor.java:630)
at java.base/java.lang.Thread.run(Thread.java:832)
... Removed 28 stack frames]]>
    </failure>
  </testcase> <!-- @BeforeMethod beforeTest -->
  <testcase classname="com.atmecs.automating_travelsite.basetest.BaseTest" name="@AfterMethod afterTest" time="-1.60249860312E9">
    <skipped/>
  </testcase> <!-- @AfterMethod afterTest -->
  <testcase classname="com.atmecs.automating_travelsite.basetest.BaseTest" name="@BeforeMethod beforeTest" time="-1.602498603121E9">
    <skipped/>
  </testcase> <!-- @BeforeMethod beforeTest -->
  <testcase classname="com.atmecs.automating_travelsite.basetest.BaseTest" name="@AfterMethod afterTest" time="-1.602498603121E9">
    <skipped/>
  </testcase> <!-- @AfterMethod afterTest -->
  <testcase classname="com.atmecs.automating_travelsite.basetest.BaseTest" name="@BeforeMethod beforeTest" time="-1.602498603121E9">
    <skipped/>
  </testcase> <!-- @BeforeMethod beforeTest -->
  <testcase classname="com.atmecs.automating_travelsite.basetest.BaseTest" name="@AfterMethod afterTest" time="-1.602498603122E9">
    <skipped/>
  </testcase> <!-- @AfterMethod afterTest -->
  <testcase classname="com.atmecs.automating_travelsite.basetest.BaseTest" name="@BeforeMethod beforeTest" time="-1.602498603122E9">
    <skipped/>
  </testcase> <!-- @BeforeMethod beforeTest -->
  <testcase classname="com.atmecs.automating_travelsite.basetest.BaseTest" name="@AfterMethod afterTest" time="-1.602498603122E9">
    <skipped/>
  </testcase> <!-- @AfterMethod afterTest -->
  <testcase classname="com.atmecs.automating_travelsite.basetest.BaseTest" name="@BeforeMethod beforeTest" time="-1.602498603123E9">
    <skipped/>
  </testcase> <!-- @BeforeMethod beforeTest -->
  <testcase classname="com.atmecs.automating_travelsite.basetest.BaseTest" name="@AfterMethod afterTest" time="-1.602498603123E9">
    <skipped/>
  </testcase> <!-- @AfterMethod afterTest -->
  <testcase classname="com.atmecs.automating_travelsite.tests.SearchingFlight" name="searchingFlight" time="3.201"/>
  <testcase classname="com.atmecs.automating_travelsite.tests.SearchingFlight" name="searchingFlight" time="6.226"/>
  <testcase classname="com.atmecs.automating_travelsite.tests.SearchingFlight" name="searchingFlight" time="0.0">
    <skipped/>
  </testcase> <!-- searchingFlight -->
  <testcase classname="com.atmecs.automating_travelsite.tests.SearchingFlight" name="searchingFlight" time="0.0">
    <skipped/>
  </testcase> <!-- searchingFlight -->
  <testcase classname="com.atmecs.automating_travelsite.tests.SearchingFlight" name="searchingFlight" time="0.0">
    <skipped/>
  </testcase> <!-- searchingFlight -->
  <testcase classname="com.atmecs.automating_travelsite.tests.HandlingWindow" name="handlingWindow" time="0.0">
    <skipped/>
  </testcase> <!-- handlingWindow -->
  <testcase classname="com.atmecs.automating_travelsite.tests.HandlingWindow" name="handlingWindow" time="0.0">
    <skipped/>
  </testcase> <!-- handlingWindow -->
  <testcase classname="com.atmecs.automating_travelsite.tests.HandlingWindow" name="handlingWindow" time="0.0">
    <skipped/>
  </testcase> <!-- handlingWindow -->
  <testcase classname="com.atmecs.automating_travelsite.tests.HandlingWindow" name="handlingWindow" time="0.0">
    <skipped/>
  </testcase> <!-- handlingWindow -->
  <testcase classname="com.atmecs.automating_travelsite.tests.HandlingWindow" name="handlingWindow" time="0.0">
    <skipped/>
  </testcase> <!-- handlingWindow -->
</testsuite> <!-- Test2 -->
