<?xml version="1.0" encoding="UTF-8"?>
<!-- Generated by org.testng.reporters.JUnitXMLReporter -->
<testsuite ignored="0" hostname="ATMECSINLT-601" failures="0" tests="10" name="Test2" time="89.849" errors="0" timestamp="2020-10-07T11:49:45 IST">
  <testcase classname="com.atmecs.automating_travelsite.basetest.BaseTest" name="@BeforeMethod beforeTest" time="5.874">
    <failure type="java.lang.AssertionError" message="expected [https://www.skyscanner.co.in/] but found [https://www.skyscanner.co.in/sttc/px/captcha-v2/index.html?url=Lz8=&amp;amp;uuid=12875430-0865-11eb-b8f3-a759af19e9df&amp;amp;vid=]">
      <![CDATA[java.lang.AssertionError: expected [https://www.skyscanner.co.in/] but found [https://www.skyscanner.co.in/sttc/px/captcha-v2/index.html?url=Lz8=&uuid=12875430-0865-11eb-b8f3-a759af19e9df&vid=]
at com.atmecs.automating_travelsite.basetest.BaseTest.beforeTest(BaseTest.java:50)
at java.base/java.util.ArrayList.forEach(ArrayList.java:1510)
at java.base/java.util.concurrent.FutureTask.run(FutureTask.java:264)
at java.base/java.util.concurrent.ThreadPoolExecutor.runWorker(ThreadPoolExecutor.java:1130)
at java.base/java.util.concurrent.ThreadPoolExecutor$Worker.run(ThreadPoolExecutor.java:630)
at java.base/java.lang.Thread.run(Thread.java:832)
... Removed 28 stack frames]]>
    </failure>
  </testcase> <!-- @BeforeMethod beforeTest -->
  <testcase classname="com.atmecs.automating_travelsite.basetest.BaseTest" name="@AfterMethod afterTest" time="-1.602051577137E9">
    <skipped/>
  </testcase> <!-- @AfterMethod afterTest -->
  <testcase classname="com.atmecs.automating_travelsite.basetest.BaseTest" name="@BeforeMethod beforeTest" time="-1.602051577137E9">
    <skipped/>
  </testcase> <!-- @BeforeMethod beforeTest -->
  <testcase classname="com.atmecs.automating_travelsite.basetest.BaseTest" name="@AfterMethod afterTest" time="-1.602051577138E9">
    <skipped/>
  </testcase> <!-- @AfterMethod afterTest -->
  <testcase classname="com.atmecs.automating_travelsite.basetest.BaseTest" name="@BeforeMethod beforeTest" time="-1.602051577139E9">
    <skipped/>
  </testcase> <!-- @BeforeMethod beforeTest -->
  <testcase classname="com.atmecs.automating_travelsite.basetest.BaseTest" name="@AfterMethod afterTest" time="-1.602051577139E9">
    <skipped/>
  </testcase> <!-- @AfterMethod afterTest -->
  <testcase classname="com.atmecs.automating_travelsite.basetest.BaseTest" name="@BeforeMethod beforeTest" time="7.87">
    <failure type="java.lang.AssertionError" message="expected [https://www.skyscanner.co.in/] but found [https://www.skyscanner.co.in/sttc/px/captcha-v2/index.html?url=Lz8=&amp;amp;uuid=17145660-0865-11eb-ba71-d70f9ea848c2&amp;amp;vid=]">
      <![CDATA[java.lang.AssertionError: expected [https://www.skyscanner.co.in/] but found [https://www.skyscanner.co.in/sttc/px/captcha-v2/index.html?url=Lz8=&uuid=17145660-0865-11eb-ba71-d70f9ea848c2&vid=]
at com.atmecs.automating_travelsite.basetest.BaseTest.beforeTest(BaseTest.java:50)
at java.base/java.util.ArrayList.forEach(ArrayList.java:1510)
at java.base/java.util.concurrent.FutureTask.run(FutureTask.java:264)
at java.base/java.util.concurrent.ThreadPoolExecutor.runWorker(ThreadPoolExecutor.java:1130)
at java.base/java.util.concurrent.ThreadPoolExecutor$Worker.run(ThreadPoolExecutor.java:630)
at java.base/java.lang.Thread.run(Thread.java:832)
... Removed 28 stack frames]]>
    </failure>
  </testcase> <!-- @BeforeMethod beforeTest -->
  <testcase classname="com.atmecs.automating_travelsite.basetest.BaseTest" name="@AfterMethod afterTest" time="-1.602051585053E9">
    <skipped/>
  </testcase> <!-- @AfterMethod afterTest -->
  <testcase classname="com.atmecs.automating_travelsite.basetest.BaseTest" name="@BeforeMethod beforeTest" time="-1.602051585053E9">
    <skipped/>
  </testcase> <!-- @BeforeMethod beforeTest -->
  <testcase classname="com.atmecs.automating_travelsite.basetest.BaseTest" name="@AfterMethod afterTest" time="-1.602051585054E9">
    <skipped/>
  </testcase> <!-- @AfterMethod afterTest -->
  <testcase classname="com.atmecs.automating_travelsite.basetest.BaseTest" name="@BeforeMethod beforeTest" time="-1.602051585054E9">
    <skipped/>
  </testcase> <!-- @BeforeMethod beforeTest -->
  <testcase classname="com.atmecs.automating_travelsite.basetest.BaseTest" name="@AfterMethod afterTest" time="-1.602051585054E9">
    <skipped/>
  </testcase> <!-- @AfterMethod afterTest -->
  <testcase classname="com.atmecs.automating_travelsite.basetest.BaseTest" name="@BeforeMethod beforeTest" time="-1.602051585055E9">
    <skipped/>
  </testcase> <!-- @BeforeMethod beforeTest -->
  <testcase classname="com.atmecs.automating_travelsite.basetest.BaseTest" name="@AfterMethod afterTest" time="-1.602051585073E9">
    <skipped/>
  </testcase> <!-- @AfterMethod afterTest -->
  <testcase classname="com.atmecs.automating_travelsite.basetest.BaseTest" name="@BeforeMethod beforeTest" time="-1.602051585074E9">
    <skipped/>
  </testcase> <!-- @BeforeMethod beforeTest -->
  <testcase classname="com.atmecs.automating_travelsite.basetest.BaseTest" name="@AfterMethod afterTest" time="-1.602051585075E9">
    <skipped/>
  </testcase> <!-- @AfterMethod afterTest -->
  <testcase classname="com.atmecs.automating_travelsite.tests.SearchingFlight" name="searchingFlight" time="2.64"/>
  <testcase classname="com.atmecs.automating_travelsite.tests.SearchingFlight" name="searchingFlight" time="3.988"/>
  <testcase classname="com.atmecs.automating_travelsite.tests.SearchingFlight" name="searchingFlight" time="0.0">
    <skipped/>
  </testcase> <!-- searchingFlight -->
  <testcase classname="com.atmecs.automating_travelsite.tests.SearchingFlight" name="searchingFlight" time="0.0">
    <skipped/>
  </testcase> <!-- searchingFlight -->
  <testcase classname="com.atmecs.automating_travelsite.tests.SearchingFlight" name="searchingFlight" time="0.0">
    <skipped/>
  </testcase> <!-- searchingFlight -->
  <testcase classname="com.atmecs.automating_travelsite.tests.HandlingWindow" name="handlingWindow" time="0.0">
    <skipped/>
  </testcase> <!-- handlingWindow -->
  <testcase classname="com.atmecs.automating_travelsite.tests.HandlingWindow" name="handlingWindow" time="0.0">
    <skipped/>
  </testcase> <!-- handlingWindow -->
  <testcase classname="com.atmecs.automating_travelsite.tests.HandlingWindow" name="handlingWindow" time="0.0">
    <skipped/>
  </testcase> <!-- handlingWindow -->
  <testcase classname="com.atmecs.automating_travelsite.tests.HandlingWindow" name="handlingWindow" time="0.0">
    <skipped/>
  </testcase> <!-- handlingWindow -->
  <testcase classname="com.atmecs.automating_travelsite.tests.HandlingWindow" name="handlingWindow" time="0.0">
    <skipped/>
  </testcase> <!-- handlingWindow -->
</testsuite> <!-- Test2 -->
