<?xml version="1.0" encoding="UTF-8"?>
<testsuite xmlns:xsi="http://www.w3.org/2001/XMLSchema-instance" xsi:noNamespaceSchemaLocation="https://maven.apache.org/surefire/maven-surefire-plugin/xsd/surefire-test-report-3.0.xsd" version="3.0" name="TestSuite" time="90.718" tests="52" errors="0" skipped="44" failures="4">
  <properties>
[...]
</properties>
  <testcase name="searchingFlight[Chennai, Hyderabad](1)" classname="com.atmecs.automating_travelsite.tests.SearchingFlight" time="1.184">
    <system-out><![CDATA[https://www.skyscanner.co.in/
searchingFlight Startded!!
]]></system-out>
    <system-err><![CDATA[Starting ChromeDriver 85.0.4183.83 (94abc2237ae0c9a4cb5f035431c8adfb94324633-refs/branch-heads/4183@{#1658}) on port 19688
Only local connections are allowed.
Please see https://chromedriver.chromium.org/security-considerations for suggestions on keeping ChromeDriver safe.
ChromeDriver was started successfully.
1602051497173	geckodriver	INFO	Listening on 127.0.0.1:19234
1602051497590	mozrunner::runner	INFO	Running command: "C:\\Program Files\\Mozilla Firefox\\firefox.exe" "--marionette" "-foreground" "-no-remote" "-profile" "C:\\Users\\ALFIN~1.ANT\\AppData\\Local\\Temp\\rust_mozprofilekQdLkh"
JavaScript error: resource://gre/modules/XULStore.jsm, line 66: Error: Can't find profile directory.
console.error: SearchCache: "_readCacheFile: Error reading cache file:" (new Error("", "(unknown module)"))
Oct 07, 2020 11:48:20 AM org.openqa.selenium.remote.ProtocolHandshake createSession
INFO: Detected dialect: W3C
1602051500746	Marionette	INFO	Listening on port 53414
1602051501302	Marionette	WARN	TLS certificate errors will be ignored for this session
Oct 07, 2020 11:48:21 AM org.openqa.selenium.remote.ProtocolHandshake createSession
INFO: Detected dialect: W3C
]]></system-err>
  </testcase>
  <testcase name="searchingFlight[Chennai, Hyderabad](1)" classname="com.atmecs.automating_travelsite.tests.SearchingFlight" time="2.634">
    <system-out><![CDATA[searchingFlight Passed!!
https://www.skyscanner.co.in/
searchingFlight Startded!!
]]></system-out>
    <system-err><![CDATA[Starting ChromeDriver 85.0.4183.83 (94abc2237ae0c9a4cb5f035431c8adfb94324633-refs/branch-heads/4183@{#1658}) on port 2951
Only local connections are allowed.
Please see https://chromedriver.chromium.org/security-considerations for suggestions on keeping ChromeDriver safe.
ChromeDriver was started successfully.
1602051546269	Marionette	WARN	TimedPromise timed out after 500 ms: stacktrace:
TimedPromise/<@chrome://marionette/content/sync.js:245:13
TimedPromise@chrome://marionette/content/sync.js:230:10
interaction.flushEventLoop@chrome://marionette/content/interaction.js:416:10
webdriverClickElement@chrome://marionette/content/interaction.js:182:31
]]></system-err>
  </testcase>
  <testcase name="searchingFlight[Coimbatore, Chennai](2)" classname="com.atmecs.automating_travelsite.tests.SearchingFlight" time="2.69">
    <system-out><![CDATA[searchingFlight Passed!!
https://www.skyscanner.co.in/
https://www.skyscanner.co.in/
searchingFlight Startded!!
searchingFlight Startded!!
]]></system-out>
    <system-err><![CDATA[Oct 07, 2020 11:49:07 AM org.openqa.selenium.remote.ProtocolHandshake createSession
INFO: Detected dialect: W3C
1602051547817	Marionette	INFO	Stopped listening on port 53414
[Child 15060, Chrome_ChildThread] WARNING: pipe error: 232: file /builds/worker/checkouts/gecko/ipc/chromium/src/chrome/common/ipc_channel_win.cc, line 545
[Child 15060, Chrome_ChildThread] WARNING: pipe error: 232: file /builds/worker/checkouts/gecko/ipc/chromium/src/chrome/common/ipc_channel_win.cc, line 545
[Child 15060, Chrome_ChildThread] WARNING: pipe error: 232: file /builds/worker/checkouts/gecko/ipc/chromium/src/chrome/common/ipc_channel_win.cc, line 545
[Child 15060, Chrome_ChildThread] WARNING: pipe error: 232: file /builds/worker/checkouts/gecko/ipc/chromium/src/chrome/common/ipc_channel_win.cc, line 545

###!!! [Child][RunMessage] Error: Channel closing: too late to send/recv, messages will be lost


###!!! [Child][RunMessage] Error: Channel closing: too late to send/recv, messages will be lost


###!!! [Child][RunMessage] Error: Channel closing: too late to send/recv, messages will be lost


###!!! [Child][RunMessage] Error: Channel closing: too late to send/recv, messages will be lost


###!!! [Child][MessageChannel::SendAndWait] Error: Channel error: cannot send/recv

1602051549546	geckodriver	INFO	Listening on 127.0.0.1:37269
1602051550007	mozrunner::runner	INFO	Running command: "C:\\Program Files\\Mozilla Firefox\\firefox.exe" "--marionette" "-foreground" "-no-remote" "-profile" "C:\\Users\\ALFIN~1.ANT\\AppData\\Local\\Temp\\rust_mozprofileVIEE1s"
JavaScript error: resource://gre/modules/XULStore.jsm, line 66: Error: Can't find profile directory.
console.error: SearchCache: "_readCacheFile: Error reading cache file:" (new Error("", "(unknown module)"))
1602051553032	Marionette	INFO	Listening on port 53659
1602051553150	Marionette	WARN	TLS certificate errors will be ignored for this session
Oct 07, 2020 11:49:13 AM org.openqa.selenium.remote.ProtocolHandshake createSession
INFO: Detected dialect: W3C
1602051563900	Marionette	WARN	TimedPromise timed out after 500 ms: stacktrace:
TimedPromise/<@chrome://marionette/content/sync.js:245:13
TimedPromise@chrome://marionette/content/sync.js:230:10
interaction.flushEventLoop@chrome://marionette/content/interaction.js:416:10
webdriverClickElement@chrome://marionette/content/interaction.js:182:31
1602051564630	Marionette	WARN	TimedPromise timed out after 500 ms: stacktrace:
TimedPromise/<@chrome://marionette/content/sync.js:245:13
TimedPromise@chrome://marionette/content/sync.js:230:10
interaction.flushEventLoop@chrome://marionette/content/interaction.js:416:10
webdriverClickElement@chrome://marionette/content/interaction.js:182:31
]]></system-err>
  </testcase>
  <testcase name="searchingFlight[Coimbatore, Chennai](2)" classname="com.atmecs.automating_travelsite.tests.SearchingFlight" time="3.511">
    <system-out><![CDATA[searchingFlight Passed!!
]]></system-out>
  </testcase>
  <testcase name="beforeTest[chrome](0)" classname="com.atmecs.automating_travelsite.tests.SearchingFlight" time="13.424">
    <failure message="expected [https://www.skyscanner.co.in/] but found [https://www.skyscanner.co.in/sttc/px/captcha-v2/index.html?url=Lz8=&amp;uuid=120775d0-0865-11eb-a3b0-3da338be9c10&amp;vid=]" type="java.lang.AssertionError"><![CDATA[java.lang.AssertionError: expected [https://www.skyscanner.co.in/] but found [https://www.skyscanner.co.in/sttc/px/captcha-v2/index.html?url=Lz8=&uuid=120775d0-0865-11eb-a3b0-3da338be9c10&vid=]
]]></failure>
    <system-out><![CDATA[searchingFlight Passed!!
https://www.skyscanner.co.in/sttc/px/captcha-v2/index.html?url=Lz8=&uuid=120775d0-0865-11eb-a3b0-3da338be9c10&vid=
]]></system-out>
    <system-err><![CDATA[1602051567430	Marionette	INFO	Stopped listening on port 53659
[Child 7416, Chrome_ChildThread] WARNING: pipe error: 232: file /builds/worker/checkouts/gecko/ipc/chromium/src/chrome/common/ipc_channel_win.cc, line 545

###!!! [Child][RunMessage] Error: Channel closing: too late to send/recv, messages will be lost


###!!! [Child][RunMessage] Error: Channel closing: too late to send/recv, messages will be lost


###!!! [Child][RunMessage] Error: Channel closing: too late to send/recv, messages will be lost


###!!! [Child][RunMessage] Error: Channel closing: too late to send/recv, messages will be lost


###!!! [Child][MessageChannel::SendAndWait] Error: Channel error: cannot send/recv

1602051571341	geckodriver	INFO	Listening on 127.0.0.1:30890
Starting ChromeDriver 85.0.4183.83 (94abc2237ae0c9a4cb5f035431c8adfb94324633-refs/branch-heads/4183@{#1658}) on port 42327
Only local connections are allowed.
Please see https://chromedriver.chromium.org/security-considerations for suggestions on keeping ChromeDriver safe.
ChromeDriver was started successfully.
1602051571818	mozrunner::runner	INFO	Running command: "C:\\Program Files\\Mozilla Firefox\\firefox.exe" "--marionette" "-foreground" "-no-remote" "-profile" "C:\\Users\\ALFIN~1.ANT\\AppData\\Local\\Temp\\rust_mozprofileq8nfxn"
JavaScript error: resource://gre/modules/XULStore.jsm, line 66: Error: Can't find profile directory.
console.error: SearchCache: "_readCacheFile: Error reading cache file:" (new Error("", "(unknown module)"))
Oct 07, 2020 11:49:34 AM org.openqa.selenium.remote.ProtocolHandshake createSession
INFO: Detected dialect: W3C
1602051575163	Marionette	INFO	Listening on port 53811
1602051575466	Marionette	WARN	TLS certificate errors will be ignored for this session
Oct 07, 2020 11:49:35 AM org.openqa.selenium.remote.ProtocolHandshake createSession
INFO: Detected dialect: W3C
]]></system-err>
  </testcase>
  <testcase name="searchingFlight[Chennai, Bangalore](3)" classname="com.atmecs.automating_travelsite.tests.SearchingFlight" time="0">
    <skipped message="expected [https://www.skyscanner.co.in/] but found [https://www.skyscanner.co.in/sttc/px/captcha-v2/index.html?url=Lz8=&amp;uuid=120775d0-0865-11eb-a3b0-3da338be9c10&amp;vid=]"/>
    <system-out><![CDATA[searchingFlight Startded!!
]]></system-out>
  </testcase>
  <testcase name="searchingFlight[Chennai, Bangalore](3)" classname="com.atmecs.automating_travelsite.tests.SearchingFlight" time="0">
    <skipped message="expected [https://www.skyscanner.co.in/] but found [https://www.skyscanner.co.in/sttc/px/captcha-v2/index.html?url=Lz8=&amp;uuid=12875430-0865-11eb-b8f3-a759af19e9df&amp;vid=]"/>
    <system-out><![CDATA[searchingFlight Startded!!
]]></system-out>
  </testcase>
  <testcase name="afterTest" classname="com.atmecs.automating_travelsite.tests.SearchingFlight" time="0">
    <skipped/>
    <system-out><![CDATA[Skipped TestCase: searchingFlight
]]></system-out>
  </testcase>
  <testcase name="afterTest" classname="com.atmecs.automating_travelsite.tests.SearchingFlight" time="0">
    <skipped/>
    <system-out><![CDATA[Skipped TestCase: searchingFlight
]]></system-out>
  </testcase>
  <testcase name="afterTest" classname="com.atmecs.automating_travelsite.tests.SearchingFlight" time="0">
    <skipped/>
    <system-out><![CDATA[Skipped TestCase: searchingFlight
]]></system-out>
  </testcase>
  <testcase name="afterTest" classname="com.atmecs.automating_travelsite.tests.SearchingFlight" time="0">
    <skipped/>
    <system-out><![CDATA[Skipped TestCase: searchingFlight
]]></system-out>
  </testcase>
  <testcase name="afterTest" classname="com.atmecs.automating_travelsite.tests.SearchingFlight" time="0">
    <skipped/>
    <system-out><![CDATA[Skipped TestCase: searchingFlight
]]></system-out>
  </testcase>
  <testcase name="afterTest" classname="com.atmecs.automating_travelsite.tests.SearchingFlight" time="0">
    <skipped/>
    <system-out><![CDATA[Skipped TestCase: searchingFlight
]]></system-out>
  </testcase>
  <testcase name="beforeTest" classname="com.atmecs.automating_travelsite.tests.SearchingFlight" time="0">
    <skipped/>
  </testcase>
  <testcase name="beforeTest" classname="com.atmecs.automating_travelsite.tests.SearchingFlight" time="0">
    <skipped/>
  </testcase>
  <testcase name="beforeTest" classname="com.atmecs.automating_travelsite.tests.SearchingFlight" time="0">
    <skipped/>
  </testcase>
  <testcase name="beforeTest" classname="com.atmecs.automating_travelsite.tests.SearchingFlight" time="0">
    <skipped/>
  </testcase>
  <testcase name="searchingFlight[Bangalore, Chennai](4)" classname="com.atmecs.automating_travelsite.tests.SearchingFlight" time="0">
    <skipped message="expected [https://www.skyscanner.co.in/] but found [https://www.skyscanner.co.in/sttc/px/captcha-v2/index.html?url=Lz8=&amp;uuid=120775d0-0865-11eb-a3b0-3da338be9c10&amp;vid=]"/>
    <system-out><![CDATA[searchingFlight Startded!!
]]></system-out>
  </testcase>
  <testcase name="searchingFlight[Bangalore, Chennai](4)" classname="com.atmecs.automating_travelsite.tests.SearchingFlight" time="0">
    <skipped message="expected [https://www.skyscanner.co.in/] but found [https://www.skyscanner.co.in/sttc/px/captcha-v2/index.html?url=Lz8=&amp;uuid=12875430-0865-11eb-b8f3-a759af19e9df&amp;vid=]"/>
    <system-out><![CDATA[searchingFlight Startded!!
]]></system-out>
  </testcase>
  <testcase name="searchingFlight[Hyderabad, Chennai](5)" classname="com.atmecs.automating_travelsite.tests.SearchingFlight" time="0">
    <skipped message="expected [https://www.skyscanner.co.in/] but found [https://www.skyscanner.co.in/sttc/px/captcha-v2/index.html?url=Lz8=&amp;uuid=120775d0-0865-11eb-a3b0-3da338be9c10&amp;vid=]"/>
    <system-out><![CDATA[searchingFlight Startded!!
]]></system-out>
  </testcase>
  <testcase name="searchingFlight[Hyderabad, Chennai](5)" classname="com.atmecs.automating_travelsite.tests.SearchingFlight" time="0">
    <skipped message="expected [https://www.skyscanner.co.in/] but found [https://www.skyscanner.co.in/sttc/px/captcha-v2/index.html?url=Lz8=&amp;uuid=12875430-0865-11eb-b8f3-a759af19e9df&amp;vid=]"/>
    <system-out><![CDATA[searchingFlight Startded!!
]]></system-out>
  </testcase>
  <testcase name="beforeTest[firefox](0)" classname="com.atmecs.automating_travelsite.tests.SearchingFlight" time="0.935">
    <failure message="expected [https://www.skyscanner.co.in/] but found [https://www.skyscanner.co.in/sttc/px/captcha-v2/index.html?url=Lz8=&amp;uuid=12875430-0865-11eb-b8f3-a759af19e9df&amp;vid=]" type="java.lang.AssertionError"><![CDATA[java.lang.AssertionError: expected [https://www.skyscanner.co.in/] but found [https://www.skyscanner.co.in/sttc/px/captcha-v2/index.html?url=Lz8=&uuid=12875430-0865-11eb-b8f3-a759af19e9df&vid=]
]]></failure>
    <system-out><![CDATA[https://www.skyscanner.co.in/sttc/px/captcha-v2/index.html?url=Lz8=&uuid=12875430-0865-11eb-b8f3-a759af19e9df&vid=
]]></system-out>
    <system-err><![CDATA[Starting ChromeDriver 85.0.4183.83 (94abc2237ae0c9a4cb5f035431c8adfb94324633-refs/branch-heads/4183@{#1658}) on port 3425
Only local connections are allowed.
Please see https://chromedriver.chromium.org/security-considerations for suggestions on keeping ChromeDriver safe.
ChromeDriver was started successfully.
]]></system-err>
  </testcase>
  <testcase name="beforeTest[chrome](0)" classname="com.atmecs.automating_travelsite.tests.HandlingWindow" time="4.507">
    <failure message="expected [https://www.skyscanner.co.in/] but found [https://www.skyscanner.co.in/sttc/px/captcha-v2/index.html?url=Lz8=&amp;uuid=15148ec0-0865-11eb-863a-ad0b18ccb4b0&amp;vid=]" type="java.lang.AssertionError"><![CDATA[java.lang.AssertionError: expected [https://www.skyscanner.co.in/] but found [https://www.skyscanner.co.in/sttc/px/captcha-v2/index.html?url=Lz8=&uuid=15148ec0-0865-11eb-863a-ad0b18ccb4b0&vid=]
]]></failure>
    <system-out><![CDATA[https://www.skyscanner.co.in/sttc/px/captcha-v2/index.html?url=Lz8=&uuid=15148ec0-0865-11eb-863a-ad0b18ccb4b0&vid=
]]></system-out>
    <system-err><![CDATA[1602051577538	geckodriver	INFO	Listening on 127.0.0.1:46171
1602051577776	mozrunner::runner	INFO	Running command: "C:\\Program Files\\Mozilla Firefox\\firefox.exe" "--marionette" "-foreground" "-no-remote" "-profile" "C:\\Users\\ALFIN~1.ANT\\AppData\\Local\\Temp\\rust_mozprofileZqgRw3"
Oct 07, 2020 11:49:39 AM org.openqa.selenium.remote.ProtocolHandshake createSession
INFO: Detected dialect: W3C
JavaScript error: resource://gre/modules/XULStore.jsm, line 66: Error: Can't find profile directory.
console.error: SearchCache: "_readCacheFile: Error reading cache file:" (new Error("", "(unknown module)"))
]]></system-err>
  </testcase>
  <testcase name="handlingWindow[shanealfin720@gmail.com, alfinxavier.a](1)" classname="com.atmecs.automating_travelsite.tests.HandlingWindow" time="0">
    <skipped message="expected [https://www.skyscanner.co.in/] but found [https://www.skyscanner.co.in/sttc/px/captcha-v2/index.html?url=Lz8=&amp;uuid=15148ec0-0865-11eb-863a-ad0b18ccb4b0&amp;vid=]"/>
    <system-out><![CDATA[handlingWindow Startded!!
]]></system-out>
  </testcase>
  <testcase name="handlingWindow[shanealfin720@gmail.com, alfinxavier.a](1)" classname="com.atmecs.automating_travelsite.tests.HandlingWindow" time="0">
    <skipped message="expected [https://www.skyscanner.co.in/] but found [https://www.skyscanner.co.in/sttc/px/captcha-v2/index.html?url=Lz8=&amp;uuid=17145660-0865-11eb-ba71-d70f9ea848c2&amp;vid=]"/>
    <system-out><![CDATA[handlingWindow Startded!!
]]></system-out>
  </testcase>
  <testcase name="afterTest" classname="com.atmecs.automating_travelsite.tests.HandlingWindow" time="0">
    <skipped/>
    <system-out><![CDATA[Skipped TestCase: handlingWindow
]]></system-out>
  </testcase>
  <testcase name="afterTest" classname="com.atmecs.automating_travelsite.tests.HandlingWindow" time="0">
    <skipped/>
    <system-out><![CDATA[Skipped TestCase: handlingWindow
]]></system-out>
  </testcase>
  <testcase name="afterTest" classname="com.atmecs.automating_travelsite.tests.HandlingWindow" time="0">
    <skipped/>
    <system-out><![CDATA[Skipped TestCase: handlingWindow
]]></system-out>
  </testcase>
  <testcase name="afterTest" classname="com.atmecs.automating_travelsite.tests.HandlingWindow" time="0">
    <skipped/>
    <system-out><![CDATA[Skipped TestCase: handlingWindow
]]></system-out>
  </testcase>
  <testcase name="afterTest" classname="com.atmecs.automating_travelsite.tests.HandlingWindow" time="0">
    <skipped/>
    <system-out><![CDATA[Skipped TestCase: handlingWindow
]]></system-out>
  </testcase>
  <testcase name="afterTest" classname="com.atmecs.automating_travelsite.tests.HandlingWindow" time="0">
    <skipped/>
    <system-out><![CDATA[Skipped TestCase: handlingWindow
]]></system-out>
  </testcase>
  <testcase name="afterTest" classname="com.atmecs.automating_travelsite.tests.HandlingWindow" time="0">
    <skipped/>
    <system-out><![CDATA[Skipped TestCase: handlingWindow
]]></system-out>
  </testcase>
  <testcase name="afterTest" classname="com.atmecs.automating_travelsite.tests.HandlingWindow" time="0">
    <skipped/>
    <system-out><![CDATA[Skipped TestCase: handlingWindow
]]></system-out>
  </testcase>
  <testcase name="afterTest" classname="com.atmecs.automating_travelsite.tests.HandlingWindow" time="0">
    <skipped/>
    <system-out><![CDATA[Skipped TestCase: handlingWindow
]]></system-out>
  </testcase>
  <testcase name="afterTest" classname="com.atmecs.automating_travelsite.tests.HandlingWindow" time="0">
    <skipped/>
    <system-out><![CDATA[Skipped TestCase: handlingWindow
]]></system-out>
  </testcase>
  <testcase name="beforeTest" classname="com.atmecs.automating_travelsite.tests.HandlingWindow" time="0">
    <skipped/>
  </testcase>
  <testcase name="beforeTest" classname="com.atmecs.automating_travelsite.tests.HandlingWindow" time="0">
    <skipped/>
  </testcase>
  <testcase name="beforeTest" classname="com.atmecs.automating_travelsite.tests.HandlingWindow" time="0">
    <skipped/>
  </testcase>
  <testcase name="beforeTest" classname="com.atmecs.automating_travelsite.tests.HandlingWindow" time="0">
    <skipped/>
  </testcase>
  <testcase name="beforeTest" classname="com.atmecs.automating_travelsite.tests.HandlingWindow" time="0">
    <skipped/>
  </testcase>
  <testcase name="beforeTest" classname="com.atmecs.automating_travelsite.tests.HandlingWindow" time="0">
    <skipped/>
  </testcase>
  <testcase name="beforeTest" classname="com.atmecs.automating_travelsite.tests.HandlingWindow" time="0">
    <skipped/>
  </testcase>
  <testcase name="beforeTest" classname="com.atmecs.automating_travelsite.tests.HandlingWindow" time="0">
    <skipped/>
  </testcase>
  <testcase name="handlingWindow[shanealfin720@gmail.com, alfinxavier.a](2)" classname="com.atmecs.automating_travelsite.tests.HandlingWindow" time="0">
    <skipped message="expected [https://www.skyscanner.co.in/] but found [https://www.skyscanner.co.in/sttc/px/captcha-v2/index.html?url=Lz8=&amp;uuid=15148ec0-0865-11eb-863a-ad0b18ccb4b0&amp;vid=]"/>
    <system-out><![CDATA[handlingWindow Startded!!
]]></system-out>
  </testcase>
  <testcase name="handlingWindow[shanealfin720@gmail.com, alfinxavier.a](2)" classname="com.atmecs.automating_travelsite.tests.HandlingWindow" time="0">
    <skipped message="expected [https://www.skyscanner.co.in/] but found [https://www.skyscanner.co.in/sttc/px/captcha-v2/index.html?url=Lz8=&amp;uuid=17145660-0865-11eb-ba71-d70f9ea848c2&amp;vid=]"/>
    <system-out><![CDATA[handlingWindow Startded!!
]]></system-out>
  </testcase>
  <testcase name="handlingWindow[shanealfin720@gmail.com, alfinxavier.a](3)" classname="com.atmecs.automating_travelsite.tests.HandlingWindow" time="0">
    <skipped message="expected [https://www.skyscanner.co.in/] but found [https://www.skyscanner.co.in/sttc/px/captcha-v2/index.html?url=Lz8=&amp;uuid=15148ec0-0865-11eb-863a-ad0b18ccb4b0&amp;vid=]"/>
    <system-out><![CDATA[handlingWindow Startded!!
]]></system-out>
  </testcase>
  <testcase name="handlingWindow[shanealfin720@gmail.com, alfinxavier.a](3)" classname="com.atmecs.automating_travelsite.tests.HandlingWindow" time="0">
    <skipped message="expected [https://www.skyscanner.co.in/] but found [https://www.skyscanner.co.in/sttc/px/captcha-v2/index.html?url=Lz8=&amp;uuid=17145660-0865-11eb-ba71-d70f9ea848c2&amp;vid=]"/>
    <system-out><![CDATA[handlingWindow Startded!!
]]></system-out>
  </testcase>
  <testcase name="handlingWindow[shanealfin720@gmail.com, alfinxavier.a](4)" classname="com.atmecs.automating_travelsite.tests.HandlingWindow" time="0">
    <skipped message="expected [https://www.skyscanner.co.in/] but found [https://www.skyscanner.co.in/sttc/px/captcha-v2/index.html?url=Lz8=&amp;uuid=15148ec0-0865-11eb-863a-ad0b18ccb4b0&amp;vid=]"/>
    <system-out><![CDATA[handlingWindow Startded!!
]]></system-out>
  </testcase>
  <testcase name="handlingWindow[shanealfin720@gmail.com, alfinxavier.a](4)" classname="com.atmecs.automating_travelsite.tests.HandlingWindow" time="0">
    <skipped message="expected [https://www.skyscanner.co.in/] but found [https://www.skyscanner.co.in/sttc/px/captcha-v2/index.html?url=Lz8=&amp;uuid=17145660-0865-11eb-ba71-d70f9ea848c2&amp;vid=]"/>
    <system-out><![CDATA[handlingWindow Startded!!
]]></system-out>
  </testcase>
  <testcase name="handlingWindow[shanealfin720@gmail.com, alfinxavier.a](5)" classname="com.atmecs.automating_travelsite.tests.HandlingWindow" time="0">
    <skipped message="expected [https://www.skyscanner.co.in/] but found [https://www.skyscanner.co.in/sttc/px/captcha-v2/index.html?url=Lz8=&amp;uuid=15148ec0-0865-11eb-863a-ad0b18ccb4b0&amp;vid=]"/>
    <system-out><![CDATA[handlingWindow Startded!!
]]></system-out>
  </testcase>
  <testcase name="handlingWindow[shanealfin720@gmail.com, alfinxavier.a](5)" classname="com.atmecs.automating_travelsite.tests.HandlingWindow" time="0">
    <skipped message="expected [https://www.skyscanner.co.in/] but found [https://www.skyscanner.co.in/sttc/px/captcha-v2/index.html?url=Lz8=&amp;uuid=17145660-0865-11eb-ba71-d70f9ea848c2&amp;vid=]"/>
    <system-out><![CDATA[handlingWindow Startded!!
]]></system-out>
  </testcase>
  <testcase name="beforeTest[firefox](0)" classname="com.atmecs.automating_travelsite.tests.HandlingWindow" time="3.399">
    <failure message="expected [https://www.skyscanner.co.in/] but found [https://www.skyscanner.co.in/sttc/px/captcha-v2/index.html?url=Lz8=&amp;uuid=17145660-0865-11eb-ba71-d70f9ea848c2&amp;vid=]" type="java.lang.AssertionError"><![CDATA[java.lang.AssertionError: expected [https://www.skyscanner.co.in/] but found [https://www.skyscanner.co.in/sttc/px/captcha-v2/index.html?url=Lz8=&uuid=17145660-0865-11eb-ba71-d70f9ea848c2&vid=]
]]></failure>
    <system-out><![CDATA[https://www.skyscanner.co.in/sttc/px/captcha-v2/index.html?url=Lz8=&uuid=17145660-0865-11eb-ba71-d70f9ea848c2&vid=
]]></system-out>
    <system-err><![CDATA[1602051582342	Marionette	INFO	Listening on port 53876
1602051582830	Marionette	WARN	TLS certificate errors will be ignored for this session
Oct 07, 2020 11:49:42 AM org.openqa.selenium.remote.ProtocolHandshake createSession
INFO: Detected dialect: W3C
]]></system-err>
  </testcase>
</testsuite>