<?xml version="1.0" encoding="UTF-8"?>
<testsuite xmlns:xsi="http://www.w3.org/2001/XMLSchema-instance" xsi:noNamespaceSchemaLocation="https://maven.apache.org/surefire/maven-surefire-plugin/xsd/surefire-test-report-3.0.xsd" version="3.0" name="TestSuite" time="57.824" tests="56" errors="0" skipped="50" failures="4">
  <properties>
[...]
</properties>
  <testcase name="searchingFlight[Chennai, Hyderabad](1)" classname="com.atmecs.automating_travelsite.tests.SearchingFlight" time="5.612">
    <system-out><![CDATA[https://www.skyscanner.co.in/
searchingFlight Startded!!
Select RoundTrip
Select Source
Select Destination
Clicking Date
Select Depature Date
Clicking Date
Select Return Date
Select checkbox
Clicking on the Search Button
searchingFlight Passed!!
]]></system-out>
    <system-err><![CDATA[Starting ChromeDriver 85.0.4183.83 (94abc2237ae0c9a4cb5f035431c8adfb94324633-refs/branch-heads/4183@{#1658}) on port 7569
Only local connections are allowed.
Please see https://chromedriver.chromium.org/security-considerations for suggestions on keeping ChromeDriver safe.
1602238490191	geckodriver	INFO	Listening on 127.0.0.1:7607
ChromeDriver was started successfully.
1602238490657	mozrunner::runner	INFO	Running command: "C:\\Program Files\\Mozilla Firefox\\firefox.exe" "--marionette" "-foreground" "-no-remote" "-profile" "C:\\Users\\ALFIN~1.ANT\\AppData\\Local\\Temp\\rust_mozprofilegDoanF"
Oct 09, 2020 3:44:53 PM org.openqa.selenium.remote.ProtocolHandshake createSession
INFO: Detected dialect: W3C
JavaScript error: resource://gre/modules/XULStore.jsm, line 66: Error: Can't find profile directory.
console.error: SearchCache: "_readCacheFile: Error reading cache file:" (new Error("", "(unknown module)"))
1602238500251	Marionette	INFO	Listening on port 61083
1602238500701	Marionette	WARN	TLS certificate errors will be ignored for this session
Oct 09, 2020 3:45:00 PM org.openqa.selenium.remote.ProtocolHandshake createSession
INFO: Detected dialect: W3C
]]></system-err>
  </testcase>
  <testcase name="searchingFlight[Chennai, Hyderabad](1)" classname="com.atmecs.automating_travelsite.tests.SearchingFlight" time="3.769">
    <system-out><![CDATA[https://www.skyscanner.co.in/
searchingFlight Startded!!
Select RoundTrip
Select Source
Select Destination
Clicking Date
Select Depature Date
Clicking Date
Select Return Date
Select checkbox
Clicking on the Search Button
searchingFlight Passed!!
]]></system-out>
    <system-err><![CDATA[1602238517420	Marionette	WARN	TimedPromise timed out after 500 ms: stacktrace:
TimedPromise/<@chrome://marionette/content/sync.js:245:13
TimedPromise@chrome://marionette/content/sync.js:230:10
interaction.flushEventLoop@chrome://marionette/content/interaction.js:416:10
webdriverClickElement@chrome://marionette/content/interaction.js:182:31
Starting ChromeDriver 85.0.4183.83 (94abc2237ae0c9a4cb5f035431c8adfb94324633-refs/branch-heads/4183@{#1658}) on port 11947
Only local connections are allowed.
Please see https://chromedriver.chromium.org/security-considerations for suggestions on keeping ChromeDriver safe.
ChromeDriver was started successfully.
]]></system-err>
  </testcase>
  <testcase name="beforeTest[chrome](0)" classname="com.atmecs.automating_travelsite.tests.SearchingFlight" time="10.164">
    <failure message="expected [https://www.skyscanner.co.in/] but found [https://www.skyscanner.co.in/sttc/px/captcha-v2/index.html?url=Lz8=&amp;uuid=5743b500-0a18-11eb-b845-bb1f95452ec4&amp;vid=]" type="java.lang.AssertionError"><![CDATA[java.lang.AssertionError: expected [https://www.skyscanner.co.in/] but found [https://www.skyscanner.co.in/sttc/px/captcha-v2/index.html?url=Lz8=&uuid=5743b500-0a18-11eb-b845-bb1f95452ec4&vid=]
]]></failure>
    <system-out><![CDATA[https://www.skyscanner.co.in/sttc/px/captcha-v2/index.html?url=Lz8=&uuid=5743b500-0a18-11eb-b845-bb1f95452ec4&vid=
]]></system-out>
    <system-err><![CDATA[1602238519523	Marionette	INFO	Stopped listening on port 61083

###!!! [Child][RunMessage] Error: Channel closing: too late to send/recv, messages will be lost


###!!! [Child][MessageChannel::SendAndWait] Error: Channel error: cannot send/recv

Oct 09, 2020 3:45:21 PM org.openqa.selenium.remote.ProtocolHandshake createSession
INFO: Detected dialect: W3C
]]></system-err>
  </testcase>
  <testcase name="searchingFlight[Coimbatore, Chennai](2)" classname="com.atmecs.automating_travelsite.tests.SearchingFlight" time="0">
    <skipped message="expected [https://www.skyscanner.co.in/] but found [https://www.skyscanner.co.in/sttc/px/captcha-v2/index.html?url=Lz8=&amp;uuid=5743b500-0a18-11eb-b845-bb1f95452ec4&amp;vid=]"/>
    <system-out><![CDATA[searchingFlight Startded!!
Skipped TestCase: searchingFlight
]]></system-out>
  </testcase>
  <testcase name="searchingFlight[Coimbatore, Chennai](2)" classname="com.atmecs.automating_travelsite.tests.SearchingFlight" time="0">
    <skipped message="expected [https://www.skyscanner.co.in/] but found [https://www.skyscanner.co.in/sttc/px/captcha-v2/index.html?url=Lz8=&amp;uuid=5d3a8060-0a18-11eb-a608-891f12b6e2de&amp;vid=]"/>
    <system-out><![CDATA[searchingFlight Startded!!
Skipped TestCase: searchingFlight
]]></system-out>
  </testcase>
  <testcase name="afterTest" classname="com.atmecs.automating_travelsite.tests.SearchingFlight" time="0">
    <skipped/>
  </testcase>
  <testcase name="afterTest" classname="com.atmecs.automating_travelsite.tests.SearchingFlight" time="0">
    <skipped/>
  </testcase>
  <testcase name="afterTest" classname="com.atmecs.automating_travelsite.tests.SearchingFlight" time="0">
    <skipped/>
  </testcase>
  <testcase name="afterTest" classname="com.atmecs.automating_travelsite.tests.SearchingFlight" time="0">
    <skipped/>
  </testcase>
  <testcase name="afterTest" classname="com.atmecs.automating_travelsite.tests.SearchingFlight" time="0">
    <skipped/>
  </testcase>
  <testcase name="afterTest" classname="com.atmecs.automating_travelsite.tests.SearchingFlight" time="0">
    <skipped/>
  </testcase>
  <testcase name="afterTest" classname="com.atmecs.automating_travelsite.tests.SearchingFlight" time="0">
    <skipped/>
  </testcase>
  <testcase name="afterTest" classname="com.atmecs.automating_travelsite.tests.SearchingFlight" time="0">
    <skipped/>
  </testcase>
  <testcase name="beforeTest" classname="com.atmecs.automating_travelsite.tests.SearchingFlight" time="0">
    <skipped/>
  </testcase>
  <testcase name="beforeTest" classname="com.atmecs.automating_travelsite.tests.SearchingFlight" time="0">
    <skipped/>
  </testcase>
  <testcase name="beforeTest" classname="com.atmecs.automating_travelsite.tests.SearchingFlight" time="0">
    <skipped/>
  </testcase>
  <testcase name="beforeTest" classname="com.atmecs.automating_travelsite.tests.SearchingFlight" time="0">
    <skipped/>
  </testcase>
  <testcase name="beforeTest" classname="com.atmecs.automating_travelsite.tests.SearchingFlight" time="0">
    <skipped/>
  </testcase>
  <testcase name="beforeTest" classname="com.atmecs.automating_travelsite.tests.SearchingFlight" time="0">
    <skipped/>
  </testcase>
  <testcase name="searchingFlight[Chennai, Bangalore](3)" classname="com.atmecs.automating_travelsite.tests.SearchingFlight" time="0">
    <skipped message="expected [https://www.skyscanner.co.in/] but found [https://www.skyscanner.co.in/sttc/px/captcha-v2/index.html?url=Lz8=&amp;uuid=5743b500-0a18-11eb-b845-bb1f95452ec4&amp;vid=]"/>
    <system-out><![CDATA[searchingFlight Startded!!
Skipped TestCase: searchingFlight
]]></system-out>
  </testcase>
  <testcase name="searchingFlight[Chennai, Bangalore](3)" classname="com.atmecs.automating_travelsite.tests.SearchingFlight" time="0">
    <skipped message="expected [https://www.skyscanner.co.in/] but found [https://www.skyscanner.co.in/sttc/px/captcha-v2/index.html?url=Lz8=&amp;uuid=5d3a8060-0a18-11eb-a608-891f12b6e2de&amp;vid=]"/>
    <system-out><![CDATA[searchingFlight Startded!!
Skipped TestCase: searchingFlight
]]></system-out>
  </testcase>
  <testcase name="searchingFlight[Bangalore, Chennai](4)" classname="com.atmecs.automating_travelsite.tests.SearchingFlight" time="0">
    <skipped message="expected [https://www.skyscanner.co.in/] but found [https://www.skyscanner.co.in/sttc/px/captcha-v2/index.html?url=Lz8=&amp;uuid=5743b500-0a18-11eb-b845-bb1f95452ec4&amp;vid=]"/>
    <system-out><![CDATA[searchingFlight Startded!!
Skipped TestCase: searchingFlight
]]></system-out>
  </testcase>
  <testcase name="searchingFlight[Bangalore, Chennai](4)" classname="com.atmecs.automating_travelsite.tests.SearchingFlight" time="0">
    <skipped message="expected [https://www.skyscanner.co.in/] but found [https://www.skyscanner.co.in/sttc/px/captcha-v2/index.html?url=Lz8=&amp;uuid=5d3a8060-0a18-11eb-a608-891f12b6e2de&amp;vid=]"/>
    <system-out><![CDATA[searchingFlight Startded!!
Skipped TestCase: searchingFlight
]]></system-out>
  </testcase>
  <testcase name="searchingFlight[Hyderabad, Chennai](5)" classname="com.atmecs.automating_travelsite.tests.SearchingFlight" time="0">
    <skipped message="expected [https://www.skyscanner.co.in/] but found [https://www.skyscanner.co.in/sttc/px/captcha-v2/index.html?url=Lz8=&amp;uuid=5743b500-0a18-11eb-b845-bb1f95452ec4&amp;vid=]"/>
    <system-out><![CDATA[searchingFlight Startded!!
Skipped TestCase: searchingFlight
]]></system-out>
  </testcase>
  <testcase name="searchingFlight[Hyderabad, Chennai](5)" classname="com.atmecs.automating_travelsite.tests.SearchingFlight" time="0">
    <skipped message="expected [https://www.skyscanner.co.in/] but found [https://www.skyscanner.co.in/sttc/px/captcha-v2/index.html?url=Lz8=&amp;uuid=5d3a8060-0a18-11eb-a608-891f12b6e2de&amp;vid=]"/>
    <system-out><![CDATA[searchingFlight Startded!!
Skipped TestCase: searchingFlight
]]></system-out>
  </testcase>
  <testcase name="beforeTest[firefox](0)" classname="com.atmecs.automating_travelsite.tests.SearchingFlight" time="3.011">
    <failure message="expected [https://www.skyscanner.co.in/] but found [https://www.skyscanner.co.in/sttc/px/captcha-v2/index.html?url=Lz8=&amp;uuid=5d3a8060-0a18-11eb-a608-891f12b6e2de&amp;vid=]" type="java.lang.AssertionError"><![CDATA[java.lang.AssertionError: expected [https://www.skyscanner.co.in/] but found [https://www.skyscanner.co.in/sttc/px/captcha-v2/index.html?url=Lz8=&uuid=5d3a8060-0a18-11eb-a608-891f12b6e2de&vid=]
]]></failure>
    <system-out><![CDATA[https://www.skyscanner.co.in/sttc/px/captcha-v2/index.html?url=Lz8=&uuid=5d3a8060-0a18-11eb-a608-891f12b6e2de&vid=
]]></system-out>
    <system-err><![CDATA[1602238531013	Marionette	INFO	Listening on port 61301
1602238531043	Marionette	WARN	TLS certificate errors will be ignored for this session
Oct 09, 2020 3:45:31 PM org.openqa.selenium.remote.ProtocolHandshake createSession
INFO: Detected dialect: W3C
]]></system-err>
  </testcase>
  <testcase name="beforeTest[chrome](0)" classname="com.atmecs.automating_travelsite.tests.HandlingWindow" time="4.628">
    <failure message="expected [https://www.skyscanner.co.in/] but found [https://www.skyscanner.co.in/sttc/px/captcha-v2/index.html?url=Lz8=&amp;uuid=5b888aa0-0a18-11eb-8bd3-4b00973213b6&amp;vid=]" type="java.lang.AssertionError"><![CDATA[java.lang.AssertionError: expected [https://www.skyscanner.co.in/] but found [https://www.skyscanner.co.in/sttc/px/captcha-v2/index.html?url=Lz8=&uuid=5b888aa0-0a18-11eb-8bd3-4b00973213b6&vid=]
]]></failure>
    <system-out><![CDATA[https://www.skyscanner.co.in/sttc/px/captcha-v2/index.html?url=Lz8=&uuid=5b888aa0-0a18-11eb-8bd3-4b00973213b6&vid=
]]></system-out>
    <system-err><![CDATA[Starting ChromeDriver 85.0.4183.83 (94abc2237ae0c9a4cb5f035431c8adfb94324633-refs/branch-heads/4183@{#1658}) on port 33633
Only local connections are allowed.
Please see https://chromedriver.chromium.org/security-considerations for suggestions on keeping ChromeDriver safe.
ChromeDriver was started successfully.
1602238526393	geckodriver	INFO	Listening on 127.0.0.1:29421
1602238526895	mozrunner::runner	INFO	Running command: "C:\\Program Files\\Mozilla Firefox\\firefox.exe" "--marionette" "-foreground" "-no-remote" "-profile" "C:\\Users\\ALFIN~1.ANT\\AppData\\Local\\Temp\\rust_mozprofileopPo6p"
Oct 09, 2020 3:45:29 PM org.openqa.selenium.remote.ProtocolHandshake createSession
INFO: Detected dialect: W3C
JavaScript error: resource://gre/modules/XULStore.jsm, line 66: Error: Can't find profile directory.
console.error: SearchCache: "_readCacheFile: Error reading cache file:" (new Error("", "(unknown module)"))
]]></system-err>
  </testcase>
  <testcase name="handlingWindow[shanealfin720@gmail.com, alfinxavier.a](1)" classname="com.atmecs.automating_travelsite.tests.HandlingWindow" time="0">
    <skipped message="expected [https://www.skyscanner.co.in/] but found [https://www.skyscanner.co.in/sttc/px/captcha-v2/index.html?url=Lz8=&amp;uuid=5b888aa0-0a18-11eb-8bd3-4b00973213b6&amp;vid=]"/>
    <system-out><![CDATA[handlingWindow Startded!!
Skipped TestCase: handlingWindow
]]></system-out>
  </testcase>
  <testcase name="handlingWindow[shanealfin720@gmail.com, alfinxavier.a](1)" classname="com.atmecs.automating_travelsite.tests.HandlingWindow" time="0">
    <skipped message="expected [https://www.skyscanner.co.in/] but found [https://www.skyscanner.co.in/sttc/px/captcha-v2/index.html?url=Lz8=&amp;uuid=62796d70-0a18-11eb-ab46-95f0a06f7b6c&amp;vid=]"/>
    <system-out><![CDATA[handlingWindow Startded!!
Skipped TestCase: handlingWindow
]]></system-out>
  </testcase>
  <testcase name="afterTest" classname="com.atmecs.automating_travelsite.tests.HandlingWindow" time="0">
    <skipped/>
  </testcase>
  <testcase name="afterTest" classname="com.atmecs.automating_travelsite.tests.HandlingWindow" time="0">
    <skipped/>
  </testcase>
  <testcase name="afterTest" classname="com.atmecs.automating_travelsite.tests.HandlingWindow" time="0">
    <skipped/>
  </testcase>
  <testcase name="afterTest" classname="com.atmecs.automating_travelsite.tests.HandlingWindow" time="0">
    <skipped/>
  </testcase>
  <testcase name="afterTest" classname="com.atmecs.automating_travelsite.tests.HandlingWindow" time="0">
    <skipped/>
  </testcase>
  <testcase name="afterTest" classname="com.atmecs.automating_travelsite.tests.HandlingWindow" time="0">
    <skipped/>
  </testcase>
  <testcase name="afterTest" classname="com.atmecs.automating_travelsite.tests.HandlingWindow" time="0">
    <skipped/>
  </testcase>
  <testcase name="afterTest" classname="com.atmecs.automating_travelsite.tests.HandlingWindow" time="0">
    <skipped/>
  </testcase>
  <testcase name="afterTest" classname="com.atmecs.automating_travelsite.tests.HandlingWindow" time="0">
    <skipped/>
  </testcase>
  <testcase name="afterTest" classname="com.atmecs.automating_travelsite.tests.HandlingWindow" time="0">
    <skipped/>
  </testcase>
  <testcase name="beforeTest" classname="com.atmecs.automating_travelsite.tests.HandlingWindow" time="0">
    <skipped/>
  </testcase>
  <testcase name="beforeTest" classname="com.atmecs.automating_travelsite.tests.HandlingWindow" time="0">
    <skipped/>
  </testcase>
  <testcase name="beforeTest" classname="com.atmecs.automating_travelsite.tests.HandlingWindow" time="0">
    <skipped/>
  </testcase>
  <testcase name="beforeTest" classname="com.atmecs.automating_travelsite.tests.HandlingWindow" time="0">
    <skipped/>
  </testcase>
  <testcase name="beforeTest" classname="com.atmecs.automating_travelsite.tests.HandlingWindow" time="0">
    <skipped/>
  </testcase>
  <testcase name="beforeTest" classname="com.atmecs.automating_travelsite.tests.HandlingWindow" time="0">
    <skipped/>
  </testcase>
  <testcase name="beforeTest" classname="com.atmecs.automating_travelsite.tests.HandlingWindow" time="0">
    <skipped/>
  </testcase>
  <testcase name="beforeTest" classname="com.atmecs.automating_travelsite.tests.HandlingWindow" time="0">
    <skipped/>
  </testcase>
  <testcase name="handlingWindow[shanealfin720@gmail.com, alfinxavier.a](2)" classname="com.atmecs.automating_travelsite.tests.HandlingWindow" time="0">
    <skipped message="expected [https://www.skyscanner.co.in/] but found [https://www.skyscanner.co.in/sttc/px/captcha-v2/index.html?url=Lz8=&amp;uuid=5b888aa0-0a18-11eb-8bd3-4b00973213b6&amp;vid=]"/>
    <system-out><![CDATA[handlingWindow Startded!!
Skipped TestCase: handlingWindow
]]></system-out>
  </testcase>
  <testcase name="handlingWindow[shanealfin720@gmail.com, alfinxavier.a](2)" classname="com.atmecs.automating_travelsite.tests.HandlingWindow" time="0">
    <skipped message="expected [https://www.skyscanner.co.in/] but found [https://www.skyscanner.co.in/sttc/px/captcha-v2/index.html?url=Lz8=&amp;uuid=62796d70-0a18-11eb-ab46-95f0a06f7b6c&amp;vid=]"/>
    <system-out><![CDATA[handlingWindow Startded!!
Skipped TestCase: handlingWindow
]]></system-out>
  </testcase>
  <testcase name="handlingWindow[shanealfin720@gmail.com, alfinxavier.a](3)" classname="com.atmecs.automating_travelsite.tests.HandlingWindow" time="0">
    <skipped message="expected [https://www.skyscanner.co.in/] but found [https://www.skyscanner.co.in/sttc/px/captcha-v2/index.html?url=Lz8=&amp;uuid=5b888aa0-0a18-11eb-8bd3-4b00973213b6&amp;vid=]"/>
    <system-out><![CDATA[handlingWindow Startded!!
Skipped TestCase: handlingWindow
]]></system-out>
  </testcase>
  <testcase name="handlingWindow[shanealfin720@gmail.com, alfinxavier.a](3)" classname="com.atmecs.automating_travelsite.tests.HandlingWindow" time="0">
    <skipped message="expected [https://www.skyscanner.co.in/] but found [https://www.skyscanner.co.in/sttc/px/captcha-v2/index.html?url=Lz8=&amp;uuid=62796d70-0a18-11eb-ab46-95f0a06f7b6c&amp;vid=]"/>
    <system-out><![CDATA[handlingWindow Startded!!
Skipped TestCase: handlingWindow
]]></system-out>
  </testcase>
  <testcase name="handlingWindow[shanealfin720@gmail.com, alfinxavier.a](4)" classname="com.atmecs.automating_travelsite.tests.HandlingWindow" time="0">
    <skipped message="expected [https://www.skyscanner.co.in/] but found [https://www.skyscanner.co.in/sttc/px/captcha-v2/index.html?url=Lz8=&amp;uuid=5b888aa0-0a18-11eb-8bd3-4b00973213b6&amp;vid=]"/>
    <system-out><![CDATA[handlingWindow Startded!!
Skipped TestCase: handlingWindow
]]></system-out>
  </testcase>
  <testcase name="handlingWindow[shanealfin720@gmail.com, alfinxavier.a](4)" classname="com.atmecs.automating_travelsite.tests.HandlingWindow" time="0">
    <skipped message="expected [https://www.skyscanner.co.in/] but found [https://www.skyscanner.co.in/sttc/px/captcha-v2/index.html?url=Lz8=&amp;uuid=62796d70-0a18-11eb-ab46-95f0a06f7b6c&amp;vid=]"/>
    <system-out><![CDATA[handlingWindow Startded!!
Skipped TestCase: handlingWindow
]]></system-out>
  </testcase>
  <testcase name="handlingWindow[shanealfin720@gmail.com, alfinxavier.a](5)" classname="com.atmecs.automating_travelsite.tests.HandlingWindow" time="0">
    <skipped message="expected [https://www.skyscanner.co.in/] but found [https://www.skyscanner.co.in/sttc/px/captcha-v2/index.html?url=Lz8=&amp;uuid=5b888aa0-0a18-11eb-8bd3-4b00973213b6&amp;vid=]"/>
    <system-out><![CDATA[handlingWindow Startded!!
Skipped TestCase: handlingWindow
]]></system-out>
  </testcase>
  <testcase name="handlingWindow[shanealfin720@gmail.com, alfinxavier.a](5)" classname="com.atmecs.automating_travelsite.tests.HandlingWindow" time="0">
    <skipped message="expected [https://www.skyscanner.co.in/] but found [https://www.skyscanner.co.in/sttc/px/captcha-v2/index.html?url=Lz8=&amp;uuid=62796d70-0a18-11eb-ab46-95f0a06f7b6c&amp;vid=]"/>
    <system-out><![CDATA[handlingWindow Startded!!
Skipped TestCase: handlingWindow
]]></system-out>
  </testcase>
  <testcase name="beforeTest[firefox](0)" classname="com.atmecs.automating_travelsite.tests.HandlingWindow" time="9.779">
    <failure message="expected [https://www.skyscanner.co.in/] but found [https://www.skyscanner.co.in/sttc/px/captcha-v2/index.html?url=Lz8=&amp;uuid=62796d70-0a18-11eb-ab46-95f0a06f7b6c&amp;vid=]" type="java.lang.AssertionError"><![CDATA[java.lang.AssertionError: expected [https://www.skyscanner.co.in/] but found [https://www.skyscanner.co.in/sttc/px/captcha-v2/index.html?url=Lz8=&uuid=62796d70-0a18-11eb-ab46-95f0a06f7b6c&vid=]
]]></failure>
    <system-out><![CDATA[https://www.skyscanner.co.in/sttc/px/captcha-v2/index.html?url=Lz8=&uuid=62796d70-0a18-11eb-ab46-95f0a06f7b6c&vid=
]]></system-out>
    <system-err><![CDATA[1602238533738	geckodriver	INFO	Listening on 127.0.0.1:18105
1602238534199	mozrunner::runner	INFO	Running command: "C:\\Program Files\\Mozilla Firefox\\firefox.exe" "--marionette" "-foreground" "-no-remote" "-profile" "C:\\Users\\ALFIN~1.ANT\\AppData\\Local\\Temp\\rust_mozprofileya4uR9"
JavaScript error: resource://gre/modules/XULStore.jsm, line 66: Error: Can't find profile directory.
console.error: SearchCache: "_readCacheFile: Error reading cache file:" (new Error("", "(unknown module)"))
1602238539971	Marionette	INFO	Listening on port 61361
1602238540469	Marionette	WARN	TLS certificate errors will be ignored for this session
Oct 09, 2020 3:45:40 PM org.openqa.selenium.remote.ProtocolHandshake createSession
INFO: Detected dialect: W3C
]]></system-err>
  </testcase>
</testsuite>