<?xml version="1.0" encoding="UTF-8"?>
<testsuite xmlns:xsi="http://www.w3.org/2001/XMLSchema-instance" xsi:noNamespaceSchemaLocation="https://maven.apache.org/surefire/maven-surefire-plugin/xsd/surefire-test-report-3.0.xsd" version="3.0" name="TestSuite" time="470.097" tests="29" errors="0" skipped="12" failures="7">
  <properties>
[...]
</properties>
  <testcase name="searchingFlight[Chennai, Hyderabad](1)" classname="com.atmecs.automating_travelsite.tests.SearchingFlight" time="1.248">
    <system-out><![CDATA[https://www.skyscanner.co.in/
searchingFlight Startded!!
Select RoundTrip
Select Source
Select Destination
Clicking Date
Select Depature Date
Clicking Date
Select Return Date
https://www.skyscanner.co.in/
searchingFlight Startded!!
Select RoundTrip
Select checkbox
Select Source
Clicking on the Search Button
searchingFlight Passed!!
Select Destination
]]></system-out>
    <system-err><![CDATA[1602152444002	geckodriver	INFO	Listening on 127.0.0.1:14051
Starting ChromeDriver 85.0.4183.83 (94abc2237ae0c9a4cb5f035431c8adfb94324633-refs/branch-heads/4183@{#1658}) on port 6057
Only local connections are allowed.
Please see https://chromedriver.chromium.org/security-considerations for suggestions on keeping ChromeDriver safe.
ChromeDriver was started successfully.
1602152444599	mozrunner::runner	INFO	Running command: "C:\\Program Files\\Mozilla Firefox\\firefox.exe" "--marionette" "-foreground" "-no-remote" "-profile" "C:\\Users\\ALFIN~1.ANT\\AppData\\Local\\Temp\\rust_mozprofileWpvFfN"
Oct 08, 2020 3:50:47 PM org.openqa.selenium.remote.ProtocolHandshake createSession
INFO: Detected dialect: W3C
JavaScript error: resource://gre/modules/XULStore.jsm, line 66: Error: Can't find profile directory.
console.error: SearchCache: "_readCacheFile: Error reading cache file:" (new Error("", "(unknown module)"))
1602152449925	Marionette	INFO	Listening on port 52899
1602152450368	Marionette	WARN	TLS certificate errors will be ignored for this session
Oct 08, 2020 3:50:50 PM org.openqa.selenium.remote.ProtocolHandshake createSession
INFO: Detected dialect: W3C
]]></system-err>
  </testcase>
  <testcase name="searchingFlight[Chennai, Hyderabad](1)" classname="com.atmecs.automating_travelsite.tests.SearchingFlight" time="6.057">
    <system-out><![CDATA[Clicking Date
Select Depature Date
Clicking Date
Select Return Date
Select checkbox
Clicking on the Search Button
searchingFlight Passed!!
]]></system-out>
    <system-err><![CDATA[Starting ChromeDriver 85.0.4183.83 (94abc2237ae0c9a4cb5f035431c8adfb94324633-refs/branch-heads/4183@{#1658}) on port 43245
Only local connections are allowed.
Please see https://chromedriver.chromium.org/security-considerations for suggestions on keeping ChromeDriver safe.
ChromeDriver was started successfully.
1602152474045	Marionette	WARN	TimedPromise timed out after 500 ms: stacktrace:
TimedPromise/<@chrome://marionette/content/sync.js:245:13
TimedPromise@chrome://marionette/content/sync.js:230:10
interaction.flushEventLoop@chrome://marionette/content/interaction.js:416:10
webdriverClickElement@chrome://marionette/content/interaction.js:182:31
Oct 08, 2020 3:51:17 PM org.openqa.selenium.remote.ProtocolHandshake createSession
INFO: Detected dialect: W3C
]]></system-err>
  </testcase>
  <testcase name="searchingFlight[Coimbatore, Chennai](2)" classname="com.atmecs.automating_travelsite.tests.SearchingFlight" time="1.847">
    <system-out><![CDATA[https://www.skyscanner.co.in/
searchingFlight Startded!!
Select RoundTrip
Select Source
Select Destination
Clicking Date
Select Depature Date
Clicking Date
Select Return Date
Select checkbox
Clicking on the Search Button
searchingFlight Passed!!
]]></system-out>
    <system-err><![CDATA[1602152477915	Marionette	INFO	Stopped listening on port 52899

###!!! [Child][RunMessage] Error: Channel closing: too late to send/recv, messages will be lost


###!!! [Child][RunMessage] Error: Channel closing: too late to send/recv, messages will be lost


###!!! [Child][RunMessage] Error: Channel closing: too late to send/recv, messages will be lost


###!!! [Child][MessageChannel::SendAndWait] Error: Channel error: cannot send/recv

1602152480104	geckodriver	INFO	Listening on 127.0.0.1:11504
1602152480553	mozrunner::runner	INFO	Running command: "C:\\Program Files\\Mozilla Firefox\\firefox.exe" "--marionette" "-foreground" "-no-remote" "-profile" "C:\\Users\\ALFIN~1.ANT\\AppData\\Local\\Temp\\rust_mozprofilebuUETI"
JavaScript error: resource://gre/modules/XULStore.jsm, line 66: Error: Can't find profile directory.
console.error: SearchCache: "_readCacheFile: Error reading cache file:" (new Error("", "(unknown module)"))
1602152487345	Marionette	INFO	Listening on port 53095
1602152487590	Marionette	WARN	TLS certificate errors will be ignored for this session
Oct 08, 2020 3:51:27 PM org.openqa.selenium.remote.ProtocolHandshake createSession
INFO: Detected dialect: W3C
]]></system-err>
  </testcase>
  <testcase name="searchingFlight[Coimbatore, Chennai](2)" classname="com.atmecs.automating_travelsite.tests.SearchingFlight" time="3.543">
    <system-out><![CDATA[https://www.skyscanner.co.in/
searchingFlight Startded!!
Select RoundTrip
Select Source
Select Destination
Clicking Date
Select Depature Date
Clicking Date
Select Return Date
Select checkbox
Clicking on the Search Button
searchingFlight Passed!!
]]></system-out>
    <system-err><![CDATA[Starting ChromeDriver 85.0.4183.83 (94abc2237ae0c9a4cb5f035431c8adfb94324633-refs/branch-heads/4183@{#1658}) on port 30508
Only local connections are allowed.
Please see https://chromedriver.chromium.org/security-considerations for suggestions on keeping ChromeDriver safe.
ChromeDriver was started successfully.
Oct 08, 2020 3:51:40 PM org.openqa.selenium.remote.ProtocolHandshake createSession
INFO: Detected dialect: W3C
1602152508996	Marionette	WARN	TimedPromise timed out after 500 ms: stacktrace:
TimedPromise/<@chrome://marionette/content/sync.js:245:13
TimedPromise@chrome://marionette/content/sync.js:230:10
interaction.flushEventLoop@chrome://marionette/content/interaction.js:416:10
webdriverClickElement@chrome://marionette/content/interaction.js:182:31
]]></system-err>
  </testcase>
  <testcase name="searchingFlight[Chennai, Bangalore](3)" classname="com.atmecs.automating_travelsite.tests.SearchingFlight" time="1.792">
    <system-out><![CDATA[https://www.skyscanner.co.in/
searchingFlight Startded!!
Select RoundTrip
Select Source
Select Destination
Clicking Date
Select Depature Date
Clicking Date
Select Return Date
Select checkbox
Clicking on the Search Button
searchingFlight Passed!!
]]></system-out>
    <system-err><![CDATA[1602152510806	Marionette	INFO	Stopped listening on port 53095
JavaScript error: , line 0: uncaught exception: undefined

###!!! [Child][RunMessage] Error: Channel closing: too late to send/recv, messages will be lost


###!!! [Child][MessageChannel::SendAndWait] Error: Channel error: cannot send/recv

1602152513310	geckodriver	INFO	Listening on 127.0.0.1:45485
1602152513778	mozrunner::runner	INFO	Running command: "C:\\Program Files\\Mozilla Firefox\\firefox.exe" "--marionette" "-foreground" "-no-remote" "-profile" "C:\\Users\\ALFIN~1.ANT\\AppData\\Local\\Temp\\rust_mozprofilei0l5bT"
JavaScript error: resource://gre/modules/XULStore.jsm, line 66: Error: Can't find profile directory.
console.error: SearchCache: "_readCacheFile: Error reading cache file:" (new Error("", "(unknown module)"))
1602152516955	Marionette	INFO	Listening on port 53258
1602152517423	Marionette	WARN	TLS certificate errors will be ignored for this session
Oct 08, 2020 3:51:57 PM org.openqa.selenium.remote.ProtocolHandshake createSession
INFO: Detected dialect: W3C
console.error: Region.jsm: "Error fetching region" (new AbortError("The operation was aborted. ", (void 0), 689))
console.error: Region.jsm: "Failed to fetch region" (new Error("NO_RESULT", "resource://gre/modules/Region.jsm", 343))
]]></system-err>
  </testcase>
  <testcase name="searchingFlight[Chennai, Bangalore](3)" classname="com.atmecs.automating_travelsite.tests.SearchingFlight" time="17.19">
    <system-out><![CDATA[https://www.skyscanner.co.in/
searchingFlight Startded!!
Select RoundTrip
Select Source
Select Destination
Clicking Date
Select Depature Date
Clicking Date
Select Return Date
Select checkbox
Clicking on the Search Button
searchingFlight Passed!!
]]></system-out>
    <system-err><![CDATA[Starting ChromeDriver 85.0.4183.83 (94abc2237ae0c9a4cb5f035431c8adfb94324633-refs/branch-heads/4183@{#1658}) on port 34932
Only local connections are allowed.
Please see https://chromedriver.chromium.org/security-considerations for suggestions on keeping ChromeDriver safe.
ChromeDriver was started successfully.
Oct 08, 2020 3:52:30 PM org.openqa.selenium.remote.ProtocolHandshake createSession
INFO: Detected dialect: W3C
1602152561231	Marionette	WARN	TimedPromise timed out after 500 ms: stacktrace:
TimedPromise/<@chrome://marionette/content/sync.js:245:13
TimedPromise@chrome://marionette/content/sync.js:230:10
interaction.flushEventLoop@chrome://marionette/content/interaction.js:416:10
webdriverClickElement@chrome://marionette/content/interaction.js:182:31
]]></system-err>
  </testcase>
  <testcase name="searchingFlight[Bangalore, Chennai](4)" classname="com.atmecs.automating_travelsite.tests.SearchingFlight" time="3.236">
    <system-out><![CDATA[https://www.skyscanner.co.in/
searchingFlight Startded!!
Select RoundTrip
Select Source
Select Destination
Clicking Date
https://www.skyscanner.co.in/
searchingFlight Startded!!
Select RoundTrip
Select Source
Select Destination
Clicking Date
Select Depature Date
Clicking Date
Select Return Date
Select checkbox
Clicking on the Search Button
searchingFlight Passed!!
]]></system-out>
    <system-err><![CDATA[1602152577089	Marionette	INFO	Stopped listening on port 53258

###!!! [Child][RunMessage] Error: Channel closing: too late to send/recv, messages will be lost


###!!! [Child][MessageChannel::SendAndWait] Error: Channel error: cannot send/recv

1602152580914	geckodriver	INFO	Listening on 127.0.0.1:18425
1602152581356	mozrunner::runner	INFO	Running command: "C:\\Program Files\\Mozilla Firefox\\firefox.exe" "--marionette" "-foreground" "-no-remote" "-profile" "C:\\Users\\ALFIN~1.ANT\\AppData\\Local\\Temp\\rust_mozprofileZwKzrd"
JavaScript error: resource://gre/modules/XULStore.jsm, line 66: Error: Can't find profile directory.
console.error: SearchCache: "_readCacheFile: Error reading cache file:" (new Error("", "(unknown module)"))
1602152584321	Marionette	INFO	Listening on port 53492
1602152584500	Marionette	WARN	TLS certificate errors will be ignored for this session
Oct 08, 2020 3:53:04 PM org.openqa.selenium.remote.ProtocolHandshake createSession
INFO: Detected dialect: W3C
1602152601175	Marionette	WARN	TimedPromise timed out after 500 ms: stacktrace:
TimedPromise/<@chrome://marionette/content/sync.js:245:13
TimedPromise@chrome://marionette/content/sync.js:230:10
interaction.flushEventLoop@chrome://marionette/content/interaction.js:416:10
webdriverClickElement@chrome://marionette/content/interaction.js:182:31
]]></system-err>
  </testcase>
  <testcase name="searchingFlight[Bangalore, Chennai](4)" classname="com.atmecs.automating_travelsite.tests.SearchingFlight" time="39.547">
    <failure message="no such element: Unable to locate element: {&quot;method&quot;:&quot;xpath&quot;,&quot;selector&quot;:&quot;//button[@aria-label=&apos;Tuesday, 6 October 2020&apos;]&quot;}&#10;  (Session info: chrome=85.0.4183.121)&#10;For documentation on this error, please visit: https://www.seleniumhq.org/exceptions/no_such_element.html&#10;Build info: version: &apos;3.141.59&apos;, revision: &apos;e82be7d358&apos;, time: &apos;2018-11-14T08:17:03&apos;&#10;System info: host: &apos;ATMECSINLT-601&apos;, ip: &apos;192.168.163.1&apos;, os.name: &apos;Windows 10&apos;, os.arch: &apos;amd64&apos;, os.version: &apos;10.0&apos;, java.version: &apos;14.0.1&apos;&#10;Driver info: org.openqa.selenium.chrome.ChromeDriver&#10;Capabilities {acceptInsecureCerts: false, browserName: chrome, browserVersion: 85.0.4183.121, chrome: {chromedriverVersion: 85.0.4183.83 (94abc2237ae0c..., userDataDir: C:\Users\ALFIN~1.ANT\AppDat...}, goog:chromeOptions: {debuggerAddress: localhost:53392}, javascriptEnabled: true, networkConnectionEnabled: false, pageLoadStrategy: normal, platform: WINDOWS, platformName: WINDOWS, proxy: Proxy(), setWindowRect: true, strictFileInteractability: false, timeouts: {implicit: 0, pageLoad: 300000, script: 30000}, unhandledPromptBehavior: dismiss and notify, webauthn:virtualAuthenticators: true}&#10;Session ID: decb5720f730c5e46028666ad3597afe&#10;*** Element info: {Using=xpath, value=//button[@aria-label=&apos;Tuesday, 6 October 2020&apos;]}" type="org.openqa.selenium.NoSuchElementException"><![CDATA[org.openqa.selenium.NoSuchElementException: 
no such element: Unable to locate element: {"method":"xpath","selector":"//button[@aria-label='Tuesday, 6 October 2020']"}
  (Session info: chrome=85.0.4183.121)
For documentation on this error, please visit: https://www.seleniumhq.org/exceptions/no_such_element.html
Build info: version: '3.141.59', revision: 'e82be7d358', time: '2018-11-14T08:17:03'
System info: host: 'ATMECSINLT-601', ip: '192.168.163.1', os.name: 'Windows 10', os.arch: 'amd64', os.version: '10.0', java.version: '14.0.1'
Driver info: org.openqa.selenium.chrome.ChromeDriver
Capabilities {acceptInsecureCerts: false, browserName: chrome, browserVersion: 85.0.4183.121, chrome: {chromedriverVersion: 85.0.4183.83 (94abc2237ae0c..., userDataDir: C:\Users\ALFIN~1.ANT\AppDat...}, goog:chromeOptions: {debuggerAddress: localhost:53392}, javascriptEnabled: true, networkConnectionEnabled: false, pageLoadStrategy: normal, platform: WINDOWS, platformName: WINDOWS, proxy: Proxy(), setWindowRect: true, strictFileInteractability: false, timeouts: {implicit: 0, pageLoad: 300000, script: 30000}, unhandledPromptBehavior: dismiss and notify, webauthn:virtualAuthenticators: true}
Session ID: decb5720f730c5e46028666ad3597afe
*** Element info: {Using=xpath, value=//button[@aria-label='Tuesday, 6 October 2020']}
	at com.atmecs.automating_travelsite.tests.SearchingFlight.searchingFlight(SearchingFlight.java:28)
]]></failure>
    <system-out><![CDATA[searchingFlight Failed!!
]]></system-out>
    <system-err><![CDATA[JavaScript error: /accounts/static/_/js/k=gaia.gaiafe_glif.en_GB.PH1qu_HtIcE.O/am=740fMPAHRYgBB4AAMwAAAAAAAABgAHgAWJZH1WsV3z8M/d=1/ct=zgms/rs=ABkqax2JlELK8Q6jAyaryoRef2auSPRvOw/m=glifb,identifier_view,unknownerror_view, line 606: NS_ERROR_NOT_INITIALIZED: 
1602152713634	geckodriver	INFO	Listening on 127.0.0.1:43724
1602152714090	mozrunner::runner	INFO	Running command: "C:\\Program Files\\Mozilla Firefox\\firefox.exe" "--marionette" "-foreground" "-no-remote" "-profile" "C:\\Users\\ALFIN~1.ANT\\AppData\\Local\\Temp\\rust_mozprofileVQY084"
JavaScript error: resource://gre/modules/XULStore.jsm, line 66: Error: Can't find profile directory.
console.error: SearchCache: "_readCacheFile: Error reading cache file:" (new Error("", "(unknown module)"))
1602152717180	Marionette	INFO	Listening on port 54126
1602152717243	Marionette	WARN	TLS certificate errors will be ignored for this session
Oct 08, 2020 3:55:17 PM org.openqa.selenium.remote.ProtocolHandshake createSession
INFO: Detected dialect: W3C
]]></system-err>
  </testcase>
  <testcase name="searchingFlight[Hyderabad, Chennai](5)" classname="com.atmecs.automating_travelsite.tests.SearchingFlight" time="2.947">
    <system-out><![CDATA[https://www.skyscanner.co.in/
searchingFlight Startded!!
Select RoundTrip
Select Source
Select Destination
Clicking Date
Select Depature Date
Clicking Date
Select Return Date
Select checkbox
Clicking on the Search Button
searchingFlight Passed!!
]]></system-out>
    <system-err><![CDATA[1602152602911	Marionette	INFO	Stopped listening on port 53492

###!!! [Child][RunMessage] Error: Channel closing: too late to send/recv, messages will be lost


###!!! [Child][MessageChannel::SendAndWait] Error: Channel error: cannot send/recv

1602152605486	geckodriver	INFO	Listening on 127.0.0.1:48424
1602152605950	mozrunner::runner	INFO	Running command: "C:\\Program Files\\Mozilla Firefox\\firefox.exe" "--marionette" "-foreground" "-no-remote" "-profile" "C:\\Users\\ALFIN~1.ANT\\AppData\\Local\\Temp\\rust_mozprofile8is1Mv"
JavaScript error: resource://gre/modules/XULStore.jsm, line 66: Error: Can't find profile directory.
console.error: SearchCache: "_readCacheFile: Error reading cache file:" (new Error("", "(unknown module)"))
1602152609110	Marionette	INFO	Listening on port 53647
1602152609270	Marionette	WARN	TLS certificate errors will be ignored for this session
Oct 08, 2020 3:53:29 PM org.openqa.selenium.remote.ProtocolHandshake createSession
INFO: Detected dialect: W3C
1602152633628	Marionette	WARN	TimedPromise timed out after 500 ms: stacktrace:
TimedPromise/<@chrome://marionette/content/sync.js:245:13
TimedPromise@chrome://marionette/content/sync.js:230:10
interaction.flushEventLoop@chrome://marionette/content/interaction.js:416:10
webdriverClickElement@chrome://marionette/content/interaction.js:182:31
]]></system-err>
  </testcase>
  <testcase name="searchingFlight[Hyderabad, Chennai](5)" classname="com.atmecs.automating_travelsite.tests.SearchingFlight" time="9.148">
    <system-out><![CDATA[https://www.skyscanner.co.in/
handlingWindow Startded!!
Clicking on the Login linktext
Clicking login with gmail
Switching Window
Providing Username
Clicking the next button
https://www.skyscanner.co.in/
searchingFlight Startded!!
Select RoundTrip
Select Source
Select Destination
Clicking Date
Select Depature Date
Clicking Date
Select Return Date
Select checkbox
Clicking on the Search Button
searchingFlight Passed!!
]]></system-out>
    <system-err><![CDATA[Starting ChromeDriver 85.0.4183.83 (94abc2237ae0c9a4cb5f035431c8adfb94324633-refs/branch-heads/4183@{#1658}) on port 28550
Only local connections are allowed.
Please see https://chromedriver.chromium.org/security-considerations for suggestions on keeping ChromeDriver safe.
ChromeDriver was started successfully.
Oct 08, 2020 3:55:43 PM org.openqa.selenium.remote.ProtocolHandshake createSession
INFO: Detected dialect: W3C
]]></system-err>
  </testcase>
  <testcase name="handlingWindow[shanealfin720@gmail.com, alfinxavier.a](1)" classname="com.atmecs.automating_travelsite.tests.HandlingWindow" time="22.355">
    <failure message="Element &lt;input class=&quot;whsOnd zHQkBf&quot; name=&quot;password&quot; type=&quot;password&quot;&gt; is not reachable by keyboard&#10;Build info: version: &apos;3.141.59&apos;, revision: &apos;e82be7d358&apos;, time: &apos;2018-11-14T08:17:03&apos;&#10;System info: host: &apos;ATMECSINLT-601&apos;, ip: &apos;192.168.163.1&apos;, os.name: &apos;Windows 10&apos;, os.arch: &apos;amd64&apos;, os.version: &apos;10.0&apos;, java.version: &apos;14.0.1&apos;&#10;Driver info: org.openqa.selenium.firefox.FirefoxDriver&#10;Capabilities {acceptInsecureCerts: true, browserName: firefox, browserVersion: 80.0.1, javascriptEnabled: true, moz:accessibilityChecks: false, moz:buildID: 20200831163820, moz:geckodriverVersion: 0.27.0, moz:headless: false, moz:processID: 27180, moz:profile: C:\Users\alfin.anthonyraj\A..., moz:shutdownTimeout: 60000, moz:useNonSpecCompliantPointerOrigin: false, moz:webdriverClick: true, pageLoadStrategy: normal, platform: WINDOWS, platformName: WINDOWS, platformVersion: 10.0, rotatable: false, setWindowRect: true, strictFileInteractability: false, timeouts: {implicit: 0, pageLoad: 300000, script: 30000}, unhandledPromptBehavior: dismiss and notify}&#10;Session ID: 992c0627-593a-40a3-95c2-77c93a7e6446" type="org.openqa.selenium.ElementNotInteractableException"><![CDATA[org.openqa.selenium.ElementNotInteractableException: 
Element <input class="whsOnd zHQkBf" name="password" type="password"> is not reachable by keyboard
Build info: version: '3.141.59', revision: 'e82be7d358', time: '2018-11-14T08:17:03'
System info: host: 'ATMECSINLT-601', ip: '192.168.163.1', os.name: 'Windows 10', os.arch: 'amd64', os.version: '10.0', java.version: '14.0.1'
Driver info: org.openqa.selenium.firefox.FirefoxDriver
Capabilities {acceptInsecureCerts: true, browserName: firefox, browserVersion: 80.0.1, javascriptEnabled: true, moz:accessibilityChecks: false, moz:buildID: 20200831163820, moz:geckodriverVersion: 0.27.0, moz:headless: false, moz:processID: 27180, moz:profile: C:\Users\alfin.anthonyraj\A..., moz:shutdownTimeout: 60000, moz:useNonSpecCompliantPointerOrigin: false, moz:webdriverClick: true, pageLoadStrategy: normal, platform: WINDOWS, platformName: WINDOWS, platformVersion: 10.0, rotatable: false, setWindowRect: true, strictFileInteractability: false, timeouts: {implicit: 0, pageLoad: 300000, script: 30000}, unhandledPromptBehavior: dismiss and notify}
Session ID: 992c0627-593a-40a3-95c2-77c93a7e6446
	at com.atmecs.automating_travelsite.tests.HandlingWindow.handlingWindow(HandlingWindow.java:31)
]]></failure>
    <system-out><![CDATA[https://www.skyscanner.co.in/
handlingWindow Startded!!
Clicking on the Login linktext
Clicking login with gmail
Switching Window
Providing Username
Clicking the next button
handlingWindow Failed!!
]]></system-out>
    <system-err><![CDATA[1602152635203	Marionette	INFO	Stopped listening on port 53647
[Child 32520, Chrome_ChildThread] WARNING: pipe error: 232: file /builds/worker/checkouts/gecko/ipc/chromium/src/chrome/common/ipc_channel_win.cc, line 545
[Child 32520, Chrome_ChildThread] WARNING: pipe error: 232: file /builds/worker/checkouts/gecko/ipc/chromium/src/chrome/common/ipc_channel_win.cc, line 545

###!!! [Child][RunMessage] Error: Channel closing: too late to send/recv, messages will be lost


###!!! [Child][MessageChannel::SendAndWait] Error: Channel error: cannot send/recv

1602152637410	geckodriver	INFO	Listening on 127.0.0.1:25175
1602152637873	mozrunner::runner	INFO	Running command: "C:\\Program Files\\Mozilla Firefox\\firefox.exe" "--marionette" "-foreground" "-no-remote" "-profile" "C:\\Users\\ALFIN~1.ANT\\AppData\\Local\\Temp\\rust_mozprofileXXTckS"
JavaScript error: resource://gre/modules/XULStore.jsm, line 66: Error: Can't find profile directory.
console.error: SearchCache: "_readCacheFile: Error reading cache file:" (new Error("", "(unknown module)"))
1602152644584	Marionette	INFO	Listening on port 53775
1602152644717	Marionette	WARN	TLS certificate errors will be ignored for this session
Oct 08, 2020 3:54:04 PM org.openqa.selenium.remote.ProtocolHandshake createSession
INFO: Detected dialect: W3C
]]></system-err>
  </testcase>
  <testcase name="handlingWindow[shanealfin720@gmail.com, alfinxavier.a](1)" classname="com.atmecs.automating_travelsite.tests.HandlingWindow" time="83.599"/>
  <testcase name="handlingWindow[shanealfin720@gmail.com, alfinxavier.a](2)" classname="com.atmecs.automating_travelsite.tests.HandlingWindow" time="16.657">
    <failure message="Element &lt;input class=&quot;whsOnd zHQkBf&quot; name=&quot;password&quot; type=&quot;password&quot;&gt; is not reachable by keyboard&#10;Build info: version: &apos;3.141.59&apos;, revision: &apos;e82be7d358&apos;, time: &apos;2018-11-14T08:17:03&apos;&#10;System info: host: &apos;ATMECSINLT-601&apos;, ip: &apos;192.168.163.1&apos;, os.name: &apos;Windows 10&apos;, os.arch: &apos;amd64&apos;, os.version: &apos;10.0&apos;, java.version: &apos;14.0.1&apos;&#10;Driver info: org.openqa.selenium.firefox.FirefoxDriver&#10;Capabilities {acceptInsecureCerts: true, browserName: firefox, browserVersion: 80.0.1, javascriptEnabled: true, moz:accessibilityChecks: false, moz:buildID: 20200831163820, moz:geckodriverVersion: 0.27.0, moz:headless: false, moz:processID: 33648, moz:profile: C:\Users\alfin.anthonyraj\A..., moz:shutdownTimeout: 60000, moz:useNonSpecCompliantPointerOrigin: false, moz:webdriverClick: true, pageLoadStrategy: normal, platform: WINDOWS, platformName: WINDOWS, platformVersion: 10.0, rotatable: false, setWindowRect: true, strictFileInteractability: false, timeouts: {implicit: 0, pageLoad: 300000, script: 30000}, unhandledPromptBehavior: dismiss and notify}&#10;Session ID: a3b319ca-df1f-40c1-b12b-199046de6764" type="org.openqa.selenium.ElementNotInteractableException"><![CDATA[org.openqa.selenium.ElementNotInteractableException: 
Element <input class="whsOnd zHQkBf" name="password" type="password"> is not reachable by keyboard
Build info: version: '3.141.59', revision: 'e82be7d358', time: '2018-11-14T08:17:03'
System info: host: 'ATMECSINLT-601', ip: '192.168.163.1', os.name: 'Windows 10', os.arch: 'amd64', os.version: '10.0', java.version: '14.0.1'
Driver info: org.openqa.selenium.firefox.FirefoxDriver
Capabilities {acceptInsecureCerts: true, browserName: firefox, browserVersion: 80.0.1, javascriptEnabled: true, moz:accessibilityChecks: false, moz:buildID: 20200831163820, moz:geckodriverVersion: 0.27.0, moz:headless: false, moz:processID: 33648, moz:profile: C:\Users\alfin.anthonyraj\A..., moz:shutdownTimeout: 60000, moz:useNonSpecCompliantPointerOrigin: false, moz:webdriverClick: true, pageLoadStrategy: normal, platform: WINDOWS, platformName: WINDOWS, platformVersion: 10.0, rotatable: false, setWindowRect: true, strictFileInteractability: false, timeouts: {implicit: 0, pageLoad: 300000, script: 30000}, unhandledPromptBehavior: dismiss and notify}
Session ID: a3b319ca-df1f-40c1-b12b-199046de6764
	at com.atmecs.automating_travelsite.tests.HandlingWindow.handlingWindow(HandlingWindow.java:31)
]]></failure>
    <system-out><![CDATA[https://www.skyscanner.co.in/
handlingWindow Startded!!
Clicking on the Login linktext
Clicking login with gmail
Switching Window
Providing Username
Clicking the next button
handlingWindow Failed!!
]]></system-out>
    <system-err><![CDATA[JavaScript error: /accounts/static/_/js/k=gaia.gaiafe_glif.en_GB.PH1qu_HtIcE.O/am=740fMPAHRYgBB4AAMwAAAAAAAABgAHgA2JZH1WsVXz8M/d=1/ct=zgms/rs=ABkqax3v4aZ45-1tJTnxUsJ8uR0FG7u0ng/m=glifb,identifier_view,unknownerror_view, line 606: NS_ERROR_NOT_INITIALIZED: 
1602152677858	geckodriver	INFO	Listening on 127.0.0.1:36532
1602152678347	mozrunner::runner	INFO	Running command: "C:\\Program Files\\Mozilla Firefox\\firefox.exe" "--marionette" "-foreground" "-no-remote" "-profile" "C:\\Users\\ALFIN~1.ANT\\AppData\\Local\\Temp\\rust_mozprofilezC2EAf"
JavaScript error: resource://gre/modules/XULStore.jsm, line 66: Error: Can't find profile directory.
console.error: SearchCache: "_readCacheFile: Error reading cache file:" (new Error("", "(unknown module)"))
1602152681571	Marionette	INFO	Listening on port 53940
1602152681980	Marionette	WARN	TLS certificate errors will be ignored for this session
Oct 08, 2020 3:54:42 PM org.openqa.selenium.remote.ProtocolHandshake createSession
INFO: Detected dialect: W3C
1602152701645	Marionette	WARN	TimedPromise timed out after 500 ms: stacktrace:
TimedPromise/<@chrome://marionette/content/sync.js:245:13
TimedPromise@chrome://marionette/content/sync.js:230:10
interaction.flushEventLoop@chrome://marionette/content/interaction.js:416:10
webdriverClickElement@chrome://marionette/content/interaction.js:182:31
]]></system-err>
  </testcase>
  <testcase name="handlingWindow[shanealfin720@gmail.com, alfinxavier.a](2)" classname="com.atmecs.automating_travelsite.tests.HandlingWindow" time="0">
    <skipped message="no such window: target window already closed&#10;from unknown error: web view not found&#10;  (Session info: chrome=85.0.4183.121)&#10;Build info: version: &apos;3.141.59&apos;, revision: &apos;e82be7d358&apos;, time: &apos;2018-11-14T08:17:03&apos;&#10;System info: host: &apos;ATMECSINLT-601&apos;, ip: &apos;192.168.163.1&apos;, os.name: &apos;Windows 10&apos;, os.arch: &apos;amd64&apos;, os.version: &apos;10.0&apos;, java.version: &apos;14.0.1&apos;&#10;Driver info: org.openqa.selenium.chrome.ChromeDriver&#10;Capabilities {acceptInsecureCerts: false, browserName: chrome, browserVersion: 85.0.4183.121, chrome: {chromedriverVersion: 85.0.4183.83 (94abc2237ae0c..., userDataDir: C:\Users\ALFIN~1.ANT\AppDat...}, goog:chromeOptions: {debuggerAddress: localhost:54342}, javascriptEnabled: true, networkConnectionEnabled: false, pageLoadStrategy: normal, platform: WINDOWS, platformName: WINDOWS, proxy: Proxy(), setWindowRect: true, strictFileInteractability: false, timeouts: {implicit: 0, pageLoad: 300000, script: 30000}, unhandledPromptBehavior: dismiss and notify, webauthn:virtualAuthenticators: true}&#10;Session ID: 3f517bf5d89716c6c6d452468d6a57ac"/>
    <system-out><![CDATA[handlingWindow Startded!!
Skipped TestCase: handlingWindow
]]></system-out>
  </testcase>
  <testcase name="handlingWindow[shanealfin720@gmail.com, alfinxavier.a](3)" classname="com.atmecs.automating_travelsite.tests.HandlingWindow" time="1.779">
    <failure message="Element &lt;input class=&quot;whsOnd zHQkBf&quot; name=&quot;password&quot; type=&quot;password&quot;&gt; is not reachable by keyboard&#10;Build info: version: &apos;3.141.59&apos;, revision: &apos;e82be7d358&apos;, time: &apos;2018-11-14T08:17:03&apos;&#10;System info: host: &apos;ATMECSINLT-601&apos;, ip: &apos;192.168.163.1&apos;, os.name: &apos;Windows 10&apos;, os.arch: &apos;amd64&apos;, os.version: &apos;10.0&apos;, java.version: &apos;14.0.1&apos;&#10;Driver info: org.openqa.selenium.firefox.FirefoxDriver&#10;Capabilities {acceptInsecureCerts: true, browserName: firefox, browserVersion: 80.0.1, javascriptEnabled: true, moz:accessibilityChecks: false, moz:buildID: 20200831163820, moz:geckodriverVersion: 0.27.0, moz:headless: false, moz:processID: 29588, moz:profile: C:\Users\alfin.anthonyraj\A..., moz:shutdownTimeout: 60000, moz:useNonSpecCompliantPointerOrigin: false, moz:webdriverClick: true, pageLoadStrategy: normal, platform: WINDOWS, platformName: WINDOWS, platformVersion: 10.0, rotatable: false, setWindowRect: true, strictFileInteractability: false, timeouts: {implicit: 0, pageLoad: 300000, script: 30000}, unhandledPromptBehavior: dismiss and notify}&#10;Session ID: 54b7e9b7-7459-4bd5-af0b-5ba73f332f2c" type="org.openqa.selenium.ElementNotInteractableException"><![CDATA[org.openqa.selenium.ElementNotInteractableException: 
Element <input class="whsOnd zHQkBf" name="password" type="password"> is not reachable by keyboard
Build info: version: '3.141.59', revision: 'e82be7d358', time: '2018-11-14T08:17:03'
System info: host: 'ATMECSINLT-601', ip: '192.168.163.1', os.name: 'Windows 10', os.arch: 'amd64', os.version: '10.0', java.version: '14.0.1'
Driver info: org.openqa.selenium.firefox.FirefoxDriver
Capabilities {acceptInsecureCerts: true, browserName: firefox, browserVersion: 80.0.1, javascriptEnabled: true, moz:accessibilityChecks: false, moz:buildID: 20200831163820, moz:geckodriverVersion: 0.27.0, moz:headless: false, moz:processID: 29588, moz:profile: C:\Users\alfin.anthonyraj\A..., moz:shutdownTimeout: 60000, moz:useNonSpecCompliantPointerOrigin: false, moz:webdriverClick: true, pageLoadStrategy: normal, platform: WINDOWS, platformName: WINDOWS, platformVersion: 10.0, rotatable: false, setWindowRect: true, strictFileInteractability: false, timeouts: {implicit: 0, pageLoad: 300000, script: 30000}, unhandledPromptBehavior: dismiss and notify}
Session ID: 54b7e9b7-7459-4bd5-af0b-5ba73f332f2c
	at com.atmecs.automating_travelsite.tests.HandlingWindow.handlingWindow(HandlingWindow.java:31)
]]></failure>
    <system-out><![CDATA[https://www.skyscanner.co.in/
handlingWindow Startded!!
Clicking on the Login linktext
handlingWindow Failed!!
]]></system-out>
    <system-err><![CDATA[Starting ChromeDriver 85.0.4183.83 (94abc2237ae0c9a4cb5f035431c8adfb94324633-refs/branch-heads/4183@{#1658}) on port 44145
Only local connections are allowed.
Please see https://chromedriver.chromium.org/security-considerations for suggestions on keeping ChromeDriver safe.
ChromeDriver was started successfully.
Oct 08, 2020 3:56:19 PM org.openqa.selenium.remote.ProtocolHandshake createSession
INFO: Detected dialect: W3C
]]></system-err>
  </testcase>
  <testcase name="handlingWindow[shanealfin720@gmail.com, alfinxavier.a](3)" classname="com.atmecs.automating_travelsite.tests.HandlingWindow" time="0">
    <skipped message="no such window: target window already closed&#10;from unknown error: web view not found&#10;  (Session info: chrome=85.0.4183.121)&#10;Build info: version: &apos;3.141.59&apos;, revision: &apos;e82be7d358&apos;, time: &apos;2018-11-14T08:17:03&apos;&#10;System info: host: &apos;ATMECSINLT-601&apos;, ip: &apos;192.168.163.1&apos;, os.name: &apos;Windows 10&apos;, os.arch: &apos;amd64&apos;, os.version: &apos;10.0&apos;, java.version: &apos;14.0.1&apos;&#10;Driver info: org.openqa.selenium.chrome.ChromeDriver&#10;Capabilities {acceptInsecureCerts: false, browserName: chrome, browserVersion: 85.0.4183.121, chrome: {chromedriverVersion: 85.0.4183.83 (94abc2237ae0c..., userDataDir: C:\Users\ALFIN~1.ANT\AppDat...}, goog:chromeOptions: {debuggerAddress: localhost:54342}, javascriptEnabled: true, networkConnectionEnabled: false, pageLoadStrategy: normal, platform: WINDOWS, platformName: WINDOWS, proxy: Proxy(), setWindowRect: true, strictFileInteractability: false, timeouts: {implicit: 0, pageLoad: 300000, script: 30000}, unhandledPromptBehavior: dismiss and notify, webauthn:virtualAuthenticators: true}&#10;Session ID: 3f517bf5d89716c6c6d452468d6a57ac"/>
    <system-out><![CDATA[handlingWindow Startded!!
Skipped TestCase: handlingWindow
]]></system-out>
  </testcase>
  <testcase name="handlingWindow[shanealfin720@gmail.com, alfinxavier.a](4)" classname="com.atmecs.automating_travelsite.tests.HandlingWindow" time="83.589">
    <failure message="Element &lt;input class=&quot;whsOnd zHQkBf&quot; name=&quot;password&quot; type=&quot;password&quot;&gt; is not reachable by keyboard&#10;Build info: version: &apos;3.141.59&apos;, revision: &apos;e82be7d358&apos;, time: &apos;2018-11-14T08:17:03&apos;&#10;System info: host: &apos;ATMECSINLT-601&apos;, ip: &apos;192.168.163.1&apos;, os.name: &apos;Windows 10&apos;, os.arch: &apos;amd64&apos;, os.version: &apos;10.0&apos;, java.version: &apos;14.0.1&apos;&#10;Driver info: org.openqa.selenium.firefox.FirefoxDriver&#10;Capabilities {acceptInsecureCerts: true, browserName: firefox, browserVersion: 80.0.1, javascriptEnabled: true, moz:accessibilityChecks: false, moz:buildID: 20200831163820, moz:geckodriverVersion: 0.27.0, moz:headless: false, moz:processID: 24596, moz:profile: C:\Users\alfin.anthonyraj\A..., moz:shutdownTimeout: 60000, moz:useNonSpecCompliantPointerOrigin: false, moz:webdriverClick: true, pageLoadStrategy: normal, platform: WINDOWS, platformName: WINDOWS, platformVersion: 10.0, rotatable: false, setWindowRect: true, strictFileInteractability: false, timeouts: {implicit: 0, pageLoad: 300000, script: 30000}, unhandledPromptBehavior: dismiss and notify}&#10;Session ID: 963a2533-a249-40d2-abfd-49855134351a" type="org.openqa.selenium.ElementNotInteractableException"><![CDATA[org.openqa.selenium.ElementNotInteractableException: 
Element <input class="whsOnd zHQkBf" name="password" type="password"> is not reachable by keyboard
Build info: version: '3.141.59', revision: 'e82be7d358', time: '2018-11-14T08:17:03'
System info: host: 'ATMECSINLT-601', ip: '192.168.163.1', os.name: 'Windows 10', os.arch: 'amd64', os.version: '10.0', java.version: '14.0.1'
Driver info: org.openqa.selenium.firefox.FirefoxDriver
Capabilities {acceptInsecureCerts: true, browserName: firefox, browserVersion: 80.0.1, javascriptEnabled: true, moz:accessibilityChecks: false, moz:buildID: 20200831163820, moz:geckodriverVersion: 0.27.0, moz:headless: false, moz:processID: 24596, moz:profile: C:\Users\alfin.anthonyraj\A..., moz:shutdownTimeout: 60000, moz:useNonSpecCompliantPointerOrigin: false, moz:webdriverClick: true, pageLoadStrategy: normal, platform: WINDOWS, platformName: WINDOWS, platformVersion: 10.0, rotatable: false, setWindowRect: true, strictFileInteractability: false, timeouts: {implicit: 0, pageLoad: 300000, script: 30000}, unhandledPromptBehavior: dismiss and notify}
Session ID: 963a2533-a249-40d2-abfd-49855134351a
	at com.atmecs.automating_travelsite.tests.HandlingWindow.handlingWindow(HandlingWindow.java:31)
]]></failure>
    <system-out><![CDATA[Clicking login with gmail
Switching Window
Providing Username
Clicking the next button
https://www.skyscanner.co.in/
handlingWindow Startded!!
Clicking on the Login linktext
Clicking login with gmail
Switching Window
Providing Username
Clicking the next button
Providing Password
Clicking the next button
handlingWindow Passed!!
handlingWindow Failed!!
]]></system-out>
    <system-err><![CDATA[JavaScript error: /accounts/static/_/js/k=gaia.gaiafe_glif.en_GB.PH1qu_HtIcE.O/am=740fMPAHRYgBB4AAMwAAAAAAAABgAHgAWJYH1WsV3z8M/d=1/ct=zgms/rs=ABkqax1B7FHYOnK3NxfHlpOK6O2e-J6Vtw/m=glifb,identifier_view,unknownerror_view, line 606: NS_ERROR_NOT_INITIALIZED: 
1602152788873	geckodriver	INFO	Listening on 127.0.0.1:39844
1602152789325	mozrunner::runner	INFO	Running command: "C:\\Program Files\\Mozilla Firefox\\firefox.exe" "--marionette" "-foreground" "-no-remote" "-profile" "C:\\Users\\ALFIN~1.ANT\\AppData\\Local\\Temp\\rust_mozprofileusC6ZS"
JavaScript error: resource://gre/modules/XULStore.jsm, line 66: Error: Can't find profile directory.
console.error: SearchCache: "_readCacheFile: Error reading cache file:" (new Error("", "(unknown module)"))
1602152792835	Marionette	INFO	Listening on port 54396
1602152792968	Marionette	WARN	TLS certificate errors will be ignored for this session
Oct 08, 2020 3:56:33 PM org.openqa.selenium.remote.ProtocolHandshake createSession
INFO: Detected dialect: W3C
console.error: Region.jsm: "Error fetching region" (new AbortError("The operation was aborted. ", (void 0), 689))
console.error: Region.jsm: "Failed to fetch region" (new Error("NO_RESULT", "resource://gre/modules/Region.jsm", 343))
]]></system-err>
  </testcase>
  <testcase name="handlingWindow[shanealfin720@gmail.com, alfinxavier.a](4)" classname="com.atmecs.automating_travelsite.tests.HandlingWindow" time="0">
    <skipped message="no such window: target window already closed&#10;from unknown error: web view not found&#10;  (Session info: chrome=85.0.4183.121)&#10;Build info: version: &apos;3.141.59&apos;, revision: &apos;e82be7d358&apos;, time: &apos;2018-11-14T08:17:03&apos;&#10;System info: host: &apos;ATMECSINLT-601&apos;, ip: &apos;192.168.163.1&apos;, os.name: &apos;Windows 10&apos;, os.arch: &apos;amd64&apos;, os.version: &apos;10.0&apos;, java.version: &apos;14.0.1&apos;&#10;Driver info: org.openqa.selenium.chrome.ChromeDriver&#10;Capabilities {acceptInsecureCerts: false, browserName: chrome, browserVersion: 85.0.4183.121, chrome: {chromedriverVersion: 85.0.4183.83 (94abc2237ae0c..., userDataDir: C:\Users\ALFIN~1.ANT\AppDat...}, goog:chromeOptions: {debuggerAddress: localhost:54342}, javascriptEnabled: true, networkConnectionEnabled: false, pageLoadStrategy: normal, platform: WINDOWS, platformName: WINDOWS, proxy: Proxy(), setWindowRect: true, strictFileInteractability: false, timeouts: {implicit: 0, pageLoad: 300000, script: 30000}, unhandledPromptBehavior: dismiss and notify, webauthn:virtualAuthenticators: true}&#10;Session ID: 3f517bf5d89716c6c6d452468d6a57ac"/>
    <system-out><![CDATA[handlingWindow Startded!!
Skipped TestCase: handlingWindow
]]></system-out>
  </testcase>
  <testcase name="afterTest" classname="com.atmecs.automating_travelsite.tests.HandlingWindow" time="83.608">
    <failure message="no such window: target window already closed&#10;from unknown error: web view not found&#10;  (Session info: chrome=85.0.4183.121)&#10;Build info: version: &apos;3.141.59&apos;, revision: &apos;e82be7d358&apos;, time: &apos;2018-11-14T08:17:03&apos;&#10;System info: host: &apos;ATMECSINLT-601&apos;, ip: &apos;192.168.163.1&apos;, os.name: &apos;Windows 10&apos;, os.arch: &apos;amd64&apos;, os.version: &apos;10.0&apos;, java.version: &apos;14.0.1&apos;&#10;Driver info: org.openqa.selenium.chrome.ChromeDriver&#10;Capabilities {acceptInsecureCerts: false, browserName: chrome, browserVersion: 85.0.4183.121, chrome: {chromedriverVersion: 85.0.4183.83 (94abc2237ae0c..., userDataDir: C:\Users\ALFIN~1.ANT\AppDat...}, goog:chromeOptions: {debuggerAddress: localhost:54342}, javascriptEnabled: true, networkConnectionEnabled: false, pageLoadStrategy: normal, platform: WINDOWS, platformName: WINDOWS, proxy: Proxy(), setWindowRect: true, strictFileInteractability: false, timeouts: {implicit: 0, pageLoad: 300000, script: 30000}, unhandledPromptBehavior: dismiss and notify, webauthn:virtualAuthenticators: true}&#10;Session ID: 3f517bf5d89716c6c6d452468d6a57ac" type="org.openqa.selenium.NoSuchWindowException"><![CDATA[org.openqa.selenium.NoSuchWindowException: 
no such window: target window already closed
from unknown error: web view not found
  (Session info: chrome=85.0.4183.121)
Build info: version: '3.141.59', revision: 'e82be7d358', time: '2018-11-14T08:17:03'
System info: host: 'ATMECSINLT-601', ip: '192.168.163.1', os.name: 'Windows 10', os.arch: 'amd64', os.version: '10.0', java.version: '14.0.1'
Driver info: org.openqa.selenium.chrome.ChromeDriver
Capabilities {acceptInsecureCerts: false, browserName: chrome, browserVersion: 85.0.4183.121, chrome: {chromedriverVersion: 85.0.4183.83 (94abc2237ae0c..., userDataDir: C:\Users\ALFIN~1.ANT\AppDat...}, goog:chromeOptions: {debuggerAddress: localhost:54342}, javascriptEnabled: true, networkConnectionEnabled: false, pageLoadStrategy: normal, platform: WINDOWS, platformName: WINDOWS, proxy: Proxy(), setWindowRect: true, strictFileInteractability: false, timeouts: {implicit: 0, pageLoad: 300000, script: 30000}, unhandledPromptBehavior: dismiss and notify, webauthn:virtualAuthenticators: true}
Session ID: 3f517bf5d89716c6c6d452468d6a57ac
]]></failure>
  </testcase>
  <testcase name="afterTest" classname="com.atmecs.automating_travelsite.tests.HandlingWindow" time="0">
    <skipped/>
  </testcase>
  <testcase name="afterTest" classname="com.atmecs.automating_travelsite.tests.HandlingWindow" time="0">
    <skipped/>
  </testcase>
  <testcase name="afterTest" classname="com.atmecs.automating_travelsite.tests.HandlingWindow" time="0">
    <skipped/>
  </testcase>
  <testcase name="afterTest" classname="com.atmecs.automating_travelsite.tests.HandlingWindow" time="0">
    <skipped/>
  </testcase>
  <testcase name="beforeTest" classname="com.atmecs.automating_travelsite.tests.HandlingWindow" time="0">
    <skipped/>
  </testcase>
  <testcase name="beforeTest" classname="com.atmecs.automating_travelsite.tests.HandlingWindow" time="0">
    <skipped/>
  </testcase>
  <testcase name="beforeTest" classname="com.atmecs.automating_travelsite.tests.HandlingWindow" time="0">
    <skipped/>
  </testcase>
  <testcase name="beforeTest" classname="com.atmecs.automating_travelsite.tests.HandlingWindow" time="0">
    <skipped/>
  </testcase>
  <testcase name="handlingWindow[shanealfin720@gmail.com, alfinxavier.a](5)" classname="com.atmecs.automating_travelsite.tests.HandlingWindow" time="0">
    <skipped message="no such window: target window already closed&#10;from unknown error: web view not found&#10;  (Session info: chrome=85.0.4183.121)&#10;Build info: version: &apos;3.141.59&apos;, revision: &apos;e82be7d358&apos;, time: &apos;2018-11-14T08:17:03&apos;&#10;System info: host: &apos;ATMECSINLT-601&apos;, ip: &apos;192.168.163.1&apos;, os.name: &apos;Windows 10&apos;, os.arch: &apos;amd64&apos;, os.version: &apos;10.0&apos;, java.version: &apos;14.0.1&apos;&#10;Driver info: org.openqa.selenium.chrome.ChromeDriver&#10;Capabilities {acceptInsecureCerts: false, browserName: chrome, browserVersion: 85.0.4183.121, chrome: {chromedriverVersion: 85.0.4183.83 (94abc2237ae0c..., userDataDir: C:\Users\ALFIN~1.ANT\AppDat...}, goog:chromeOptions: {debuggerAddress: localhost:54342}, javascriptEnabled: true, networkConnectionEnabled: false, pageLoadStrategy: normal, platform: WINDOWS, platformName: WINDOWS, proxy: Proxy(), setWindowRect: true, strictFileInteractability: false, timeouts: {implicit: 0, pageLoad: 300000, script: 30000}, unhandledPromptBehavior: dismiss and notify, webauthn:virtualAuthenticators: true}&#10;Session ID: 3f517bf5d89716c6c6d452468d6a57ac"/>
    <system-out><![CDATA[handlingWindow Startded!!
Skipped TestCase: handlingWindow
]]></system-out>
  </testcase>
  <testcase name="handlingWindow[shanealfin720@gmail.com, alfinxavier.a](5)" classname="com.atmecs.automating_travelsite.tests.HandlingWindow" time="6.572">
    <failure message="Element &lt;input class=&quot;whsOnd zHQkBf&quot; name=&quot;password&quot; type=&quot;password&quot;&gt; is not reachable by keyboard&#10;Build info: version: &apos;3.141.59&apos;, revision: &apos;e82be7d358&apos;, time: &apos;2018-11-14T08:17:03&apos;&#10;System info: host: &apos;ATMECSINLT-601&apos;, ip: &apos;192.168.163.1&apos;, os.name: &apos;Windows 10&apos;, os.arch: &apos;amd64&apos;, os.version: &apos;10.0&apos;, java.version: &apos;14.0.1&apos;&#10;Driver info: org.openqa.selenium.firefox.FirefoxDriver&#10;Capabilities {acceptInsecureCerts: true, browserName: firefox, browserVersion: 80.0.1, javascriptEnabled: true, moz:accessibilityChecks: false, moz:buildID: 20200831163820, moz:geckodriverVersion: 0.27.0, moz:headless: false, moz:processID: 5004, moz:profile: C:\Users\alfin.anthonyraj\A..., moz:shutdownTimeout: 60000, moz:useNonSpecCompliantPointerOrigin: false, moz:webdriverClick: true, pageLoadStrategy: normal, platform: WINDOWS, platformName: WINDOWS, platformVersion: 10.0, rotatable: false, setWindowRect: true, strictFileInteractability: false, timeouts: {implicit: 0, pageLoad: 300000, script: 30000}, unhandledPromptBehavior: dismiss and notify}&#10;Session ID: 92c39b1a-1e66-42ab-8fc7-25a497a5544d" type="org.openqa.selenium.ElementNotInteractableException"><![CDATA[org.openqa.selenium.ElementNotInteractableException: 
Element <input class="whsOnd zHQkBf" name="password" type="password"> is not reachable by keyboard
Build info: version: '3.141.59', revision: 'e82be7d358', time: '2018-11-14T08:17:03'
System info: host: 'ATMECSINLT-601', ip: '192.168.163.1', os.name: 'Windows 10', os.arch: 'amd64', os.version: '10.0', java.version: '14.0.1'
Driver info: org.openqa.selenium.firefox.FirefoxDriver
Capabilities {acceptInsecureCerts: true, browserName: firefox, browserVersion: 80.0.1, javascriptEnabled: true, moz:accessibilityChecks: false, moz:buildID: 20200831163820, moz:geckodriverVersion: 0.27.0, moz:headless: false, moz:processID: 5004, moz:profile: C:\Users\alfin.anthonyraj\A..., moz:shutdownTimeout: 60000, moz:useNonSpecCompliantPointerOrigin: false, moz:webdriverClick: true, pageLoadStrategy: normal, platform: WINDOWS, platformName: WINDOWS, platformVersion: 10.0, rotatable: false, setWindowRect: true, strictFileInteractability: false, timeouts: {implicit: 0, pageLoad: 300000, script: 30000}, unhandledPromptBehavior: dismiss and notify}
Session ID: 92c39b1a-1e66-42ab-8fc7-25a497a5544d
	at com.atmecs.automating_travelsite.tests.HandlingWindow.handlingWindow(HandlingWindow.java:31)
]]></failure>
    <system-out><![CDATA[https://www.skyscanner.co.in/
handlingWindow Startded!!
Clicking on the Login linktext
Clicking login with gmail
Switching Window
Providing Username
Clicking the next button
handlingWindow Failed!!
]]></system-out>
    <system-err><![CDATA[IPDL protocol error: Handler returned error code!

###!!! [Parent][DispatchAsyncMessage] Error: PLayerTransaction::Msg_ReleaseLayer Processing error: message was deserialized, but the handler returned false (indicating failure)

IPDL protocol error: Handler returned error code!

###!!! [Parent][DispatchAsyncMessage] Error: PLayerTransaction::Msg_ReleaseLayer Processing error: message was deserialized, but the handler returned false (indicating failure)

JavaScript error: /accounts/static/_/js/k=gaia.gaiafe_glif.en_GB.PH1qu_HtIcE.O/am=740fMPAHRYgBB4AAMwAAAAAAAABgAHgAWJZH1WsV3z8M/d=1/ct=zgms/rs=ABkqax2JlELK8Q6jAyaryoRef2auSPRvOw/m=glifb,identifier_view,unknownerror_view, line 606: NS_ERROR_NOT_INITIALIZED: 
1602152890632	geckodriver	INFO	Listening on 127.0.0.1:35078
1602152891049	mozrunner::runner	INFO	Running command: "C:\\Program Files\\Mozilla Firefox\\firefox.exe" "--marionette" "-foreground" "-no-remote" "-profile" "C:\\Users\\ALFIN~1.ANT\\AppData\\Local\\Temp\\rust_mozprofileWitAyj"
JavaScript error: resource://gre/modules/XULStore.jsm, line 66: Error: Can't find profile directory.
console.error: SearchCache: "_readCacheFile: Error reading cache file:" (new Error("", "(unknown module)"))
1602152893863	Marionette	INFO	Listening on port 54594
1602152894247	Marionette	WARN	TLS certificate errors will be ignored for this session
Oct 08, 2020 3:58:14 PM org.openqa.selenium.remote.ProtocolHandshake createSession
INFO: Detected dialect: W3C
]]></system-err>
  </testcase>
</testsuite>