<?xml version="1.0" encoding="UTF-8"?>
<testng-results ignored="0" total="10" passed="10" failed="0" skipped="0">
  <reporter-output>
  </reporter-output>
  <suite started-at="2020-10-06T12:40:08 IST" name="Suite" finished-at="2020-10-06T12:43:13 IST" duration-ms="185824">
    <groups>
    </groups>
    <test started-at="2020-10-06T12:40:08 IST" name="Test1" finished-at="2020-10-06T12:43:13 IST" duration-ms="185824">
      <class name="com.atmecs.automating_travelsite.tests.HandlingWindow">
        <test-method is-config="true" signature="beforeTest()[pri:0, instance:com.atmecs.automating_travelsite.tests.HandlingWindow@6ab7a896]" started-at="2020-10-06T12:41:37 IST" name="beforeTest" finished-at="2020-10-06T12:41:48 IST" duration-ms="11253" status="PASS">
          <reporter-output>
          </reporter-output>
        </test-method> <!-- beforeTest -->
        <test-method signature="handlingWindow(java.lang.String, java.lang.String)[pri:0, instance:com.atmecs.automating_travelsite.tests.HandlingWindow@6ab7a896]" started-at="2020-10-06T12:41:48 IST" name="handlingWindow" data-provider="readData" finished-at="2020-10-06T12:41:54 IST" duration-ms="5622" status="PASS">
          <params>
            <param index="0">
              <value>
                <![CDATA[shanealfin720@gmail.com]]>
              </value>
            </param>
            <param index="1">
              <value>
                <![CDATA[alfinxavier.a]]>
              </value>
            </param>
          </params>
          <reporter-output>
          </reporter-output>
        </test-method> <!-- handlingWindow -->
        <test-method is-config="true" signature="afterTest()[pri:0, instance:com.atmecs.automating_travelsite.tests.HandlingWindow@6ab7a896]" started-at="2020-10-06T12:41:54 IST" name="afterTest" finished-at="2020-10-06T12:41:54 IST" duration-ms="69" status="PASS">
          <reporter-output>
          </reporter-output>
        </test-method> <!-- afterTest -->
        <test-method is-config="true" signature="beforeTest()[pri:0, instance:com.atmecs.automating_travelsite.tests.HandlingWindow@6ab7a896]" started-at="2020-10-06T12:41:54 IST" name="beforeTest" finished-at="2020-10-06T12:42:04 IST" duration-ms="9886" status="PASS">
          <reporter-output>
          </reporter-output>
        </test-method> <!-- beforeTest -->
        <test-method signature="handlingWindow(java.lang.String, java.lang.String)[pri:0, instance:com.atmecs.automating_travelsite.tests.HandlingWindow@6ab7a896]" started-at="2020-10-06T12:42:04 IST" name="handlingWindow" data-provider="readData" finished-at="2020-10-06T12:42:09 IST" duration-ms="4657" status="PASS">
          <params>
            <param index="0">
              <value>
                <![CDATA[shanealfin720@gmail.com]]>
              </value>
            </param>
            <param index="1">
              <value>
                <![CDATA[alfinxavier.a]]>
              </value>
            </param>
          </params>
          <reporter-output>
          </reporter-output>
        </test-method> <!-- handlingWindow -->
        <test-method is-config="true" signature="afterTest()[pri:0, instance:com.atmecs.automating_travelsite.tests.HandlingWindow@6ab7a896]" started-at="2020-10-06T12:42:09 IST" name="afterTest" finished-at="2020-10-06T12:42:09 IST" duration-ms="61" status="PASS">
          <reporter-output>
          </reporter-output>
        </test-method> <!-- afterTest -->
        <test-method is-config="true" signature="beforeTest()[pri:0, instance:com.atmecs.automating_travelsite.tests.HandlingWindow@6ab7a896]" started-at="2020-10-06T12:42:09 IST" name="beforeTest" finished-at="2020-10-06T12:42:18 IST" duration-ms="8492" status="PASS">
          <reporter-output>
          </reporter-output>
        </test-method> <!-- beforeTest -->
        <test-method signature="handlingWindow(java.lang.String, java.lang.String)[pri:0, instance:com.atmecs.automating_travelsite.tests.HandlingWindow@6ab7a896]" started-at="2020-10-06T12:42:18 IST" name="handlingWindow" data-provider="readData" finished-at="2020-10-06T12:42:23 IST" duration-ms="5296" status="PASS">
          <params>
            <param index="0">
              <value>
                <![CDATA[shanealfin720@gmail.com]]>
              </value>
            </param>
            <param index="1">
              <value>
                <![CDATA[alfinxavier.a]]>
              </value>
            </param>
          </params>
          <reporter-output>
          </reporter-output>
        </test-method> <!-- handlingWindow -->
        <test-method is-config="true" signature="afterTest()[pri:0, instance:com.atmecs.automating_travelsite.tests.HandlingWindow@6ab7a896]" started-at="2020-10-06T12:42:23 IST" name="afterTest" finished-at="2020-10-06T12:42:23 IST" duration-ms="65" status="PASS">
          <reporter-output>
          </reporter-output>
        </test-method> <!-- afterTest -->
        <test-method is-config="true" signature="beforeTest()[pri:0, instance:com.atmecs.automating_travelsite.tests.HandlingWindow@6ab7a896]" started-at="2020-10-06T12:42:23 IST" name="beforeTest" finished-at="2020-10-06T12:42:37 IST" duration-ms="14205" status="PASS">
          <reporter-output>
          </reporter-output>
        </test-method> <!-- beforeTest -->
        <test-method signature="handlingWindow(java.lang.String, java.lang.String)[pri:0, instance:com.atmecs.automating_travelsite.tests.HandlingWindow@6ab7a896]" started-at="2020-10-06T12:42:37 IST" name="handlingWindow" data-provider="readData" finished-at="2020-10-06T12:42:46 IST" duration-ms="8572" status="PASS">
          <params>
            <param index="0">
              <value>
                <![CDATA[shanealfin720@gmail.com]]>
              </value>
            </param>
            <param index="1">
              <value>
                <![CDATA[alfinxavier.a]]>
              </value>
            </param>
          </params>
          <reporter-output>
          </reporter-output>
        </test-method> <!-- handlingWindow -->
        <test-method is-config="true" signature="afterTest()[pri:0, instance:com.atmecs.automating_travelsite.tests.HandlingWindow@6ab7a896]" started-at="2020-10-06T12:42:46 IST" name="afterTest" finished-at="2020-10-06T12:42:46 IST" duration-ms="69" status="PASS">
          <reporter-output>
          </reporter-output>
        </test-method> <!-- afterTest -->
        <test-method is-config="true" signature="beforeTest()[pri:0, instance:com.atmecs.automating_travelsite.tests.HandlingWindow@6ab7a896]" started-at="2020-10-06T12:42:46 IST" name="beforeTest" finished-at="2020-10-06T12:42:57 IST" duration-ms="11031" status="PASS">
          <reporter-output>
          </reporter-output>
        </test-method> <!-- beforeTest -->
        <test-method signature="handlingWindow(java.lang.String, java.lang.String)[pri:0, instance:com.atmecs.automating_travelsite.tests.HandlingWindow@6ab7a896]" started-at="2020-10-06T12:42:57 IST" name="handlingWindow" data-provider="readData" finished-at="2020-10-06T12:43:13 IST" duration-ms="15723" status="PASS">
          <params>
            <param index="0">
              <value>
                <![CDATA[shanealfin720@gmail.com]]>
              </value>
            </param>
            <param index="1">
              <value>
                <![CDATA[alfinxavier.a]]>
              </value>
            </param>
          </params>
          <reporter-output>
          </reporter-output>
        </test-method> <!-- handlingWindow -->
        <test-method is-config="true" signature="afterTest()[pri:0, instance:com.atmecs.automating_travelsite.tests.HandlingWindow@6ab7a896]" started-at="2020-10-06T12:43:13 IST" name="afterTest" finished-at="2020-10-06T12:43:13 IST" duration-ms="64" status="PASS">
          <reporter-output>
          </reporter-output>
        </test-method> <!-- afterTest -->
      </class> <!-- com.atmecs.automating_travelsite.tests.HandlingWindow -->
      <class name="com.atmecs.automating_travelsite.tests.SearchingFlight">
        <test-method is-config="true" signature="beforeTest()[pri:0, instance:com.atmecs.automating_travelsite.tests.SearchingFlight@15761df8]" started-at="2020-10-06T12:40:08 IST" name="beforeTest" finished-at="2020-10-06T12:40:20 IST" duration-ms="11823" status="PASS">
          <reporter-output>
          </reporter-output>
        </test-method> <!-- beforeTest -->
        <test-method signature="searchingFlight(java.lang.String, java.lang.String)[pri:0, instance:com.atmecs.automating_travelsite.tests.SearchingFlight@15761df8]" started-at="2020-10-06T12:40:20 IST" name="searchingFlight" data-provider="readData" finished-at="2020-10-06T12:40:21 IST" duration-ms="1242" status="PASS">
          <params>
            <param index="0">
              <value>
                <![CDATA[Chennai]]>
              </value>
            </param>
            <param index="1">
              <value>
                <![CDATA[Hyderabad]]>
              </value>
            </param>
          </params>
          <reporter-output>
          </reporter-output>
        </test-method> <!-- searchingFlight -->
        <test-method is-config="true" signature="afterTest()[pri:0, instance:com.atmecs.automating_travelsite.tests.SearchingFlight@15761df8]" started-at="2020-10-06T12:40:23 IST" name="afterTest" finished-at="2020-10-06T12:40:27 IST" duration-ms="4357" status="PASS">
          <reporter-output>
          </reporter-output>
        </test-method> <!-- afterTest -->
        <test-method is-config="true" signature="beforeTest()[pri:0, instance:com.atmecs.automating_travelsite.tests.SearchingFlight@15761df8]" started-at="2020-10-06T12:40:27 IST" name="beforeTest" finished-at="2020-10-06T12:40:39 IST" duration-ms="12085" status="PASS">
          <reporter-output>
          </reporter-output>
        </test-method> <!-- beforeTest -->
        <test-method signature="searchingFlight(java.lang.String, java.lang.String)[pri:0, instance:com.atmecs.automating_travelsite.tests.SearchingFlight@15761df8]" started-at="2020-10-06T12:40:39 IST" name="searchingFlight" data-provider="readData" finished-at="2020-10-06T12:40:41 IST" duration-ms="1240" status="PASS">
          <params>
            <param index="0">
              <value>
                <![CDATA[Coimbatore]]>
              </value>
            </param>
            <param index="1">
              <value>
                <![CDATA[Chennai]]>
              </value>
            </param>
          </params>
          <reporter-output>
          </reporter-output>
        </test-method> <!-- searchingFlight -->
        <test-method is-config="true" signature="afterTest()[pri:0, instance:com.atmecs.automating_travelsite.tests.SearchingFlight@15761df8]" started-at="2020-10-06T12:40:42 IST" name="afterTest" finished-at="2020-10-06T12:40:46 IST" duration-ms="4332" status="PASS">
          <reporter-output>
          </reporter-output>
        </test-method> <!-- afterTest -->
        <test-method is-config="true" signature="beforeTest()[pri:0, instance:com.atmecs.automating_travelsite.tests.SearchingFlight@15761df8]" started-at="2020-10-06T12:40:46 IST" name="beforeTest" finished-at="2020-10-06T12:41:00 IST" duration-ms="13489" status="PASS">
          <reporter-output>
          </reporter-output>
        </test-method> <!-- beforeTest -->
        <test-method signature="searchingFlight(java.lang.String, java.lang.String)[pri:0, instance:com.atmecs.automating_travelsite.tests.SearchingFlight@15761df8]" started-at="2020-10-06T12:41:00 IST" name="searchingFlight" data-provider="readData" finished-at="2020-10-06T12:41:01 IST" duration-ms="1538" status="PASS">
          <params>
            <param index="0">
              <value>
                <![CDATA[Chennai]]>
              </value>
            </param>
            <param index="1">
              <value>
                <![CDATA[Bangalore]]>
              </value>
            </param>
          </params>
          <reporter-output>
          </reporter-output>
        </test-method> <!-- searchingFlight -->
        <test-method is-config="true" signature="afterTest()[pri:0, instance:com.atmecs.automating_travelsite.tests.SearchingFlight@15761df8]" started-at="2020-10-06T12:41:07 IST" name="afterTest" finished-at="2020-10-06T12:41:08 IST" duration-ms="382" status="PASS">
          <reporter-output>
          </reporter-output>
        </test-method> <!-- afterTest -->
        <test-method is-config="true" signature="beforeTest()[pri:0, instance:com.atmecs.automating_travelsite.tests.SearchingFlight@15761df8]" started-at="2020-10-06T12:41:08 IST" name="beforeTest" finished-at="2020-10-06T12:41:18 IST" duration-ms="10879" status="PASS">
          <reporter-output>
          </reporter-output>
        </test-method> <!-- beforeTest -->
        <test-method signature="searchingFlight(java.lang.String, java.lang.String)[pri:0, instance:com.atmecs.automating_travelsite.tests.SearchingFlight@15761df8]" started-at="2020-10-06T12:41:18 IST" name="searchingFlight" data-provider="readData" finished-at="2020-10-06T12:41:20 IST" duration-ms="1217" status="PASS">
          <params>
            <param index="0">
              <value>
                <![CDATA[Bangalore]]>
              </value>
            </param>
            <param index="1">
              <value>
                <![CDATA[Chennai]]>
              </value>
            </param>
          </params>
          <reporter-output>
          </reporter-output>
        </test-method> <!-- searchingFlight -->
        <test-method is-config="true" signature="afterTest()[pri:0, instance:com.atmecs.automating_travelsite.tests.SearchingFlight@15761df8]" started-at="2020-10-06T12:41:22 IST" name="afterTest" finished-at="2020-10-06T12:41:22 IST" duration-ms="236" status="PASS">
          <reporter-output>
          </reporter-output>
        </test-method> <!-- afterTest -->
        <test-method is-config="true" signature="beforeTest()[pri:0, instance:com.atmecs.automating_travelsite.tests.SearchingFlight@15761df8]" started-at="2020-10-06T12:41:22 IST" name="beforeTest" finished-at="2020-10-06T12:41:33 IST" duration-ms="11238" status="PASS">
          <reporter-output>
          </reporter-output>
        </test-method> <!-- beforeTest -->
        <test-method signature="searchingFlight(java.lang.String, java.lang.String)[pri:0, instance:com.atmecs.automating_travelsite.tests.SearchingFlight@15761df8]" started-at="2020-10-06T12:41:33 IST" name="searchingFlight" data-provider="readData" finished-at="2020-10-06T12:41:34 IST" duration-ms="1224" status="PASS">
          <params>
            <param index="0">
              <value>
                <![CDATA[Hyderabad]]>
              </value>
            </param>
            <param index="1">
              <value>
                <![CDATA[Chennai]]>
              </value>
            </param>
          </params>
          <reporter-output>
          </reporter-output>
        </test-method> <!-- searchingFlight -->
        <test-method is-config="true" signature="afterTest()[pri:0, instance:com.atmecs.automating_travelsite.tests.SearchingFlight@15761df8]" started-at="2020-10-06T12:41:37 IST" name="afterTest" finished-at="2020-10-06T12:41:37 IST" duration-ms="273" status="PASS">
          <reporter-output>
          </reporter-output>
        </test-method> <!-- afterTest -->
      </class> <!-- com.atmecs.automating_travelsite.tests.SearchingFlight -->
    </test> <!-- Test1 -->
  </suite> <!-- Suite -->
</testng-results>
