<?xml version="1.0" encoding="UTF-8"?>
<testsuite xmlns:xsi="http://www.w3.org/2001/XMLSchema-instance" xsi:noNamespaceSchemaLocation="https://maven.apache.org/surefire/maven-surefire-plugin/xsd/surefire-test-report-3.0.xsd" version="3.0" name="TestSuite" time="101.414" tests="52" errors="0" skipped="44" failures="4">
  <properties>
[...]
</properties>
  <testcase name="searchingFlight[Chennai, Hyderabad](1)" classname="com.atmecs.automating_travelsite.tests.SearchingFlight" time="3.558">
    <system-out><![CDATA[https://www.skyscanner.co.in/
searchingFlight Startded!!
Select RoundTrip
Select Source
Select Destination
Clicking Date
Select Depature Date
Clicking Date
Select Return Date
Select checkbox
Clicking on the Search Button
searchingFlight Passed!!
https://www.skyscanner.co.in/
searchingFlight Startded!!
Select RoundTrip
Select Source
Select Destination
Clicking Date
Select Depature Date
Clicking Date
Select Return Date
Select checkbox
Clicking on the Search Button
searchingFlight Passed!!
]]></system-out>
    <system-err><![CDATA[1602498507446	geckodriver	INFO	Listening on 127.0.0.1:12164
Starting ChromeDriver 85.0.4183.83 (94abc2237ae0c9a4cb5f035431c8adfb94324633-refs/branch-heads/4183@{#1658}) on port 44244
Only local connections are allowed.
Please see https://chromedriver.chromium.org/security-considerations for suggestions on keeping ChromeDriver safe.
ChromeDriver was started successfully.
1602498508279	mozrunner::runner	INFO	Running command: "C:\\Program Files\\Mozilla Firefox\\firefox.exe" "--marionette" "-foreground" "-no-remote" "-profile" "C:\\Users\\ALFIN~1.ANT\\AppData\\Local\\Temp\\rust_mozprofileHstMv8"
JavaScript error: resource://gre/modules/XULStore.jsm, line 66: Error: Can't find profile directory.
console.error: SearchCache: "_readCacheFile: Error reading cache file:" (new Error("", "(unknown module)"))
Oct 12, 2020 3:58:31 PM org.openqa.selenium.remote.ProtocolHandshake createSession
INFO: Detected dialect: W3C
1602498515242	Marionette	INFO	Listening on port 50441
1602498515638	Marionette	WARN	TLS certificate errors will be ignored for this session
Oct 12, 2020 3:58:35 PM org.openqa.selenium.remote.ProtocolHandshake createSession
INFO: Detected dialect: W3C
]]></system-err>
  </testcase>
  <testcase name="searchingFlight[Chennai, Hyderabad](1)" classname="com.atmecs.automating_travelsite.tests.SearchingFlight" time="3.897"/>
  <testcase name="searchingFlight[Coimbatore, Chennai](2)" classname="com.atmecs.automating_travelsite.tests.SearchingFlight" time="6.459">
    <system-out><![CDATA[https://www.skyscanner.co.in/
searchingFlight Startded!!
Select RoundTrip
Select Source
Select Destination
Clicking Date
Select Depature Date
Clicking Date
Select Return Date
Select checkbox
Clicking on the Search Button
searchingFlight Passed!!
]]></system-out>
    <system-err><![CDATA[1602498535009	Marionette	INFO	Stopped listening on port 50441

###!!! [Child][RunMessage] Error: Channel closing: too late to send/recv, messages will be lost


###!!! [Child][MessageChannel::SendAndWait] Error: Channel error: cannot send/recv

1602498546235	geckodriver	INFO	Listening on 127.0.0.1:28631
1602498546681	mozrunner::runner	INFO	Running command: "C:\\Program Files\\Mozilla Firefox\\firefox.exe" "--marionette" "-foreground" "-no-remote" "-profile" "C:\\Users\\ALFIN~1.ANT\\AppData\\Local\\Temp\\rust_mozprofileyfiwh9"
JavaScript error: resource://gre/modules/XULStore.jsm, line 66: Error: Can't find profile directory.
console.error: SearchCache: "_readCacheFile: Error reading cache file:" (new Error("", "(unknown module)"))
1602498550318	Marionette	INFO	Listening on port 50637
1602498550574	Marionette	WARN	TLS certificate errors will be ignored for this session
Oct 12, 2020 3:59:10 PM org.openqa.selenium.remote.ProtocolHandshake createSession
INFO: Detected dialect: W3C
Starting ChromeDriver 85.0.4183.83 (94abc2237ae0c9a4cb5f035431c8adfb94324633-refs/branch-heads/4183@{#1658}) on port 45946
Only local connections are allowed.
Please see https://chromedriver.chromium.org/security-considerations for suggestions on keeping ChromeDriver safe.
ChromeDriver was started successfully.
Oct 12, 2020 3:59:19 PM org.openqa.selenium.remote.ProtocolHandshake createSession
INFO: Detected dialect: W3C
]]></system-err>
  </testcase>
  <testcase name="searchingFlight[Coimbatore, Chennai](2)" classname="com.atmecs.automating_travelsite.tests.SearchingFlight" time="3.712">
    <system-out><![CDATA[https://www.skyscanner.co.in/
searchingFlight Startded!!
Select RoundTrip
Select Source
Select Destination
Clicking Date
Select Depature Date
Clicking Date
Select Return Date
Select checkbox
Clicking on the Search Button
searchingFlight Passed!!
]]></system-out>
    <system-err><![CDATA[1602498565739	Marionette	INFO	Stopped listening on port 50637

###!!! [Child][RunMessage] Error: Channel closing: too late to send/recv, messages will be lost

[Parent 35780, Gecko_IOThread] WARNING: file /builds/worker/checkouts/gecko/ipc/chromium/src/base/process_util_win.cc, line 166

###!!! [Child][MessageChannel::SendAndWait] Error: Channel error: cannot send/recv

1602498570867	geckodriver	INFO	Listening on 127.0.0.1:46878
1602498571344	mozrunner::runner	INFO	Running command: "C:\\Program Files\\Mozilla Firefox\\firefox.exe" "--marionette" "-foreground" "-no-remote" "-profile" "C:\\Users\\ALFIN~1.ANT\\AppData\\Local\\Temp\\rust_mozprofile2FArP4"
JavaScript error: resource://gre/modules/XULStore.jsm, line 66: Error: Can't find profile directory.
console.error: SearchCache: "_readCacheFile: Error reading cache file:" (new Error("", "(unknown module)"))
1602498575561	Marionette	INFO	Listening on port 50774
1602498576624	Marionette	WARN	TLS certificate errors will be ignored for this session
Oct 12, 2020 3:59:36 PM org.openqa.selenium.remote.ProtocolHandshake createSession
INFO: Detected dialect: W3C
]]></system-err>
  </testcase>
  <testcase name="beforeTest[chrome](0)" classname="com.atmecs.automating_travelsite.tests.SearchingFlight" time="13.896">
    <failure message="expected [https://www.skyscanner.co.in/] but found [https://www.skyscanner.co.in/sttc/px/captcha-v2/index.html?url=Lz8=&amp;uuid=dbc3a0b0-0c75-11eb-a617-13beac179a18&amp;vid=]" type="java.lang.AssertionError"><![CDATA[java.lang.AssertionError: expected [https://www.skyscanner.co.in/] but found [https://www.skyscanner.co.in/sttc/px/captcha-v2/index.html?url=Lz8=&uuid=dbc3a0b0-0c75-11eb-a617-13beac179a18&vid=]
]]></failure>
    <system-out><![CDATA[https://www.skyscanner.co.in/sttc/px/captcha-v2/index.html?url=Lz8=&uuid=dbc3a0b0-0c75-11eb-a617-13beac179a18&vid=
]]></system-out>
    <system-err><![CDATA[Starting ChromeDriver 85.0.4183.83 (94abc2237ae0c9a4cb5f035431c8adfb94324633-refs/branch-heads/4183@{#1658}) on port 19523
Only local connections are allowed.
Please see https://chromedriver.chromium.org/security-considerations for suggestions on keeping ChromeDriver safe.
ChromeDriver was started successfully.
Oct 12, 2020 3:59:46 PM org.openqa.selenium.remote.ProtocolHandshake createSession
INFO: Detected dialect: W3C
]]></system-err>
  </testcase>
  <testcase name="searchingFlight[Chennai, Bangalore](3)" classname="com.atmecs.automating_travelsite.tests.SearchingFlight" time="0">
    <skipped message="expected [https://www.skyscanner.co.in/] but found [https://www.skyscanner.co.in/sttc/px/captcha-v2/index.html?url=Lz8=&amp;uuid=dbc3a0b0-0c75-11eb-a617-13beac179a18&amp;vid=]"/>
    <system-out><![CDATA[searchingFlight Startded!!
Skipped TestCase: searchingFlight
]]></system-out>
  </testcase>
  <testcase name="searchingFlight[Chennai, Bangalore](3)" classname="com.atmecs.automating_travelsite.tests.SearchingFlight" time="0">
    <skipped message="expected [https://www.skyscanner.co.in/] but found [https://www.skyscanner.co.in/sttc/px/captcha-v2/index.html?url=Lz8=&amp;uuid=dce84a90-0c75-11eb-8c5f-65f02a1528f5&amp;vid=]"/>
    <system-out><![CDATA[searchingFlight Startded!!
Skipped TestCase: searchingFlight
]]></system-out>
  </testcase>
  <testcase name="afterTest" classname="com.atmecs.automating_travelsite.tests.SearchingFlight" time="0">
    <skipped/>
  </testcase>
  <testcase name="afterTest" classname="com.atmecs.automating_travelsite.tests.SearchingFlight" time="0">
    <skipped/>
  </testcase>
  <testcase name="afterTest" classname="com.atmecs.automating_travelsite.tests.SearchingFlight" time="0">
    <skipped/>
  </testcase>
  <testcase name="afterTest" classname="com.atmecs.automating_travelsite.tests.SearchingFlight" time="0">
    <skipped/>
  </testcase>
  <testcase name="afterTest" classname="com.atmecs.automating_travelsite.tests.SearchingFlight" time="0">
    <skipped/>
  </testcase>
  <testcase name="afterTest" classname="com.atmecs.automating_travelsite.tests.SearchingFlight" time="0">
    <skipped/>
  </testcase>
  <testcase name="beforeTest" classname="com.atmecs.automating_travelsite.tests.SearchingFlight" time="0">
    <skipped/>
  </testcase>
  <testcase name="beforeTest" classname="com.atmecs.automating_travelsite.tests.SearchingFlight" time="0">
    <skipped/>
  </testcase>
  <testcase name="beforeTest" classname="com.atmecs.automating_travelsite.tests.SearchingFlight" time="0">
    <skipped/>
  </testcase>
  <testcase name="beforeTest" classname="com.atmecs.automating_travelsite.tests.SearchingFlight" time="0">
    <skipped/>
  </testcase>
  <testcase name="searchingFlight[Bangalore, Chennai](4)" classname="com.atmecs.automating_travelsite.tests.SearchingFlight" time="0">
    <skipped message="expected [https://www.skyscanner.co.in/] but found [https://www.skyscanner.co.in/sttc/px/captcha-v2/index.html?url=Lz8=&amp;uuid=dbc3a0b0-0c75-11eb-a617-13beac179a18&amp;vid=]"/>
    <system-out><![CDATA[searchingFlight Startded!!
Skipped TestCase: searchingFlight
]]></system-out>
  </testcase>
  <testcase name="searchingFlight[Bangalore, Chennai](4)" classname="com.atmecs.automating_travelsite.tests.SearchingFlight" time="0">
    <skipped message="expected [https://www.skyscanner.co.in/] but found [https://www.skyscanner.co.in/sttc/px/captcha-v2/index.html?url=Lz8=&amp;uuid=dce84a90-0c75-11eb-8c5f-65f02a1528f5&amp;vid=]"/>
    <system-out><![CDATA[searchingFlight Startded!!
Skipped TestCase: searchingFlight
]]></system-out>
  </testcase>
  <testcase name="searchingFlight[Hyderabad, Chennai](5)" classname="com.atmecs.automating_travelsite.tests.SearchingFlight" time="0">
    <skipped message="expected [https://www.skyscanner.co.in/] but found [https://www.skyscanner.co.in/sttc/px/captcha-v2/index.html?url=Lz8=&amp;uuid=dbc3a0b0-0c75-11eb-a617-13beac179a18&amp;vid=]"/>
    <system-out><![CDATA[searchingFlight Startded!!
Skipped TestCase: searchingFlight
]]></system-out>
  </testcase>
  <testcase name="searchingFlight[Hyderabad, Chennai](5)" classname="com.atmecs.automating_travelsite.tests.SearchingFlight" time="0">
    <skipped message="expected [https://www.skyscanner.co.in/] but found [https://www.skyscanner.co.in/sttc/px/captcha-v2/index.html?url=Lz8=&amp;uuid=dce84a90-0c75-11eb-8c5f-65f02a1528f5&amp;vid=]"/>
    <system-out><![CDATA[searchingFlight Startded!!
Skipped TestCase: searchingFlight
]]></system-out>
  </testcase>
  <testcase name="beforeTest[firefox](0)" classname="com.atmecs.automating_travelsite.tests.SearchingFlight" time="2.017">
    <failure message="expected [https://www.skyscanner.co.in/] but found [https://www.skyscanner.co.in/sttc/px/captcha-v2/index.html?url=Lz8=&amp;uuid=dce84a90-0c75-11eb-8c5f-65f02a1528f5&amp;vid=]" type="java.lang.AssertionError"><![CDATA[java.lang.AssertionError: expected [https://www.skyscanner.co.in/] but found [https://www.skyscanner.co.in/sttc/px/captcha-v2/index.html?url=Lz8=&uuid=dce84a90-0c75-11eb-8c5f-65f02a1528f5&vid=]
]]></failure>
    <system-out><![CDATA[https://www.skyscanner.co.in/sttc/px/captcha-v2/index.html?url=Lz8=&uuid=dce84a90-0c75-11eb-8c5f-65f02a1528f5&vid=
]]></system-out>
    <system-err><![CDATA[Starting ChromeDriver 85.0.4183.83 (94abc2237ae0c9a4cb5f035431c8adfb94324633-refs/branch-heads/4183@{#1658}) on port 24488
Only local connections are allowed.
Please see https://chromedriver.chromium.org/security-considerations for suggestions on keeping ChromeDriver safe.
ChromeDriver was started successfully.
]]></system-err>
  </testcase>
  <testcase name="beforeTest[chrome](0)" classname="com.atmecs.automating_travelsite.tests.HandlingWindow" time="3.254">
    <failure message="expected [https://www.skyscanner.co.in/] but found [https://www.skyscanner.co.in/sttc/px/captcha-v2/index.html?url=Lz8=&amp;uuid=dec37330-0c75-11eb-a2b3-49929970d97f&amp;vid=]" type="java.lang.AssertionError"><![CDATA[java.lang.AssertionError: expected [https://www.skyscanner.co.in/] but found [https://www.skyscanner.co.in/sttc/px/captcha-v2/index.html?url=Lz8=&uuid=dec37330-0c75-11eb-a2b3-49929970d97f&vid=]
]]></failure>
    <system-out><![CDATA[https://www.skyscanner.co.in/sttc/px/captcha-v2/index.html?url=Lz8=&uuid=dec37330-0c75-11eb-a2b3-49929970d97f&vid=
]]></system-out>
    <system-err><![CDATA[1602498593425	geckodriver	INFO	Listening on 127.0.0.1:31554
1602498593898	mozrunner::runner	INFO	Running command: "C:\\Program Files\\Mozilla Firefox\\firefox.exe" "--marionette" "-foreground" "-no-remote" "-profile" "C:\\Users\\ALFIN~1.ANT\\AppData\\Local\\Temp\\rust_mozprofile6dcRo7"
Oct 12, 2020 3:59:54 PM org.openqa.selenium.remote.ProtocolHandshake createSession
INFO: Detected dialect: W3C
]]></system-err>
  </testcase>
  <testcase name="handlingWindow[shanealfin720@gmail.com, alfinxavier.a](1)" classname="com.atmecs.automating_travelsite.tests.HandlingWindow" time="0">
    <skipped message="expected [https://www.skyscanner.co.in/] but found [https://www.skyscanner.co.in/sttc/px/captcha-v2/index.html?url=Lz8=&amp;uuid=dec37330-0c75-11eb-a2b3-49929970d97f&amp;vid=]"/>
    <system-out><![CDATA[handlingWindow Startded!!
Skipped TestCase: handlingWindow
]]></system-out>
  </testcase>
  <testcase name="handlingWindow[shanealfin720@gmail.com, alfinxavier.a](1)" classname="com.atmecs.automating_travelsite.tests.HandlingWindow" time="0">
    <skipped message="expected [https://www.skyscanner.co.in/] but found [https://www.skyscanner.co.in/sttc/px/captcha-v2/index.html?url=Lz8=&amp;uuid=e2aa2340-0c75-11eb-832a-7d31b0ce91df&amp;vid=]"/>
    <system-out><![CDATA[handlingWindow Startded!!
Skipped TestCase: handlingWindow
]]></system-out>
  </testcase>
  <testcase name="afterTest" classname="com.atmecs.automating_travelsite.tests.HandlingWindow" time="0">
    <skipped/>
  </testcase>
  <testcase name="afterTest" classname="com.atmecs.automating_travelsite.tests.HandlingWindow" time="0">
    <skipped/>
  </testcase>
  <testcase name="afterTest" classname="com.atmecs.automating_travelsite.tests.HandlingWindow" time="0">
    <skipped/>
  </testcase>
  <testcase name="afterTest" classname="com.atmecs.automating_travelsite.tests.HandlingWindow" time="0">
    <skipped/>
  </testcase>
  <testcase name="afterTest" classname="com.atmecs.automating_travelsite.tests.HandlingWindow" time="0">
    <skipped/>
  </testcase>
  <testcase name="afterTest" classname="com.atmecs.automating_travelsite.tests.HandlingWindow" time="0">
    <skipped/>
  </testcase>
  <testcase name="afterTest" classname="com.atmecs.automating_travelsite.tests.HandlingWindow" time="0">
    <skipped/>
  </testcase>
  <testcase name="afterTest" classname="com.atmecs.automating_travelsite.tests.HandlingWindow" time="0">
    <skipped/>
  </testcase>
  <testcase name="afterTest" classname="com.atmecs.automating_travelsite.tests.HandlingWindow" time="0">
    <skipped/>
  </testcase>
  <testcase name="afterTest" classname="com.atmecs.automating_travelsite.tests.HandlingWindow" time="0">
    <skipped/>
  </testcase>
  <testcase name="beforeTest" classname="com.atmecs.automating_travelsite.tests.HandlingWindow" time="0">
    <skipped/>
  </testcase>
  <testcase name="beforeTest" classname="com.atmecs.automating_travelsite.tests.HandlingWindow" time="0">
    <skipped/>
  </testcase>
  <testcase name="beforeTest" classname="com.atmecs.automating_travelsite.tests.HandlingWindow" time="0">
    <skipped/>
  </testcase>
  <testcase name="beforeTest" classname="com.atmecs.automating_travelsite.tests.HandlingWindow" time="0">
    <skipped/>
  </testcase>
  <testcase name="beforeTest" classname="com.atmecs.automating_travelsite.tests.HandlingWindow" time="0">
    <skipped/>
  </testcase>
  <testcase name="beforeTest" classname="com.atmecs.automating_travelsite.tests.HandlingWindow" time="0">
    <skipped/>
  </testcase>
  <testcase name="beforeTest" classname="com.atmecs.automating_travelsite.tests.HandlingWindow" time="0">
    <skipped/>
  </testcase>
  <testcase name="beforeTest" classname="com.atmecs.automating_travelsite.tests.HandlingWindow" time="0">
    <skipped/>
  </testcase>
  <testcase name="handlingWindow[shanealfin720@gmail.com, alfinxavier.a](2)" classname="com.atmecs.automating_travelsite.tests.HandlingWindow" time="0">
    <skipped message="expected [https://www.skyscanner.co.in/] but found [https://www.skyscanner.co.in/sttc/px/captcha-v2/index.html?url=Lz8=&amp;uuid=dec37330-0c75-11eb-a2b3-49929970d97f&amp;vid=]"/>
    <system-out><![CDATA[handlingWindow Startded!!
Skipped TestCase: handlingWindow
]]></system-out>
  </testcase>
  <testcase name="handlingWindow[shanealfin720@gmail.com, alfinxavier.a](2)" classname="com.atmecs.automating_travelsite.tests.HandlingWindow" time="0">
    <skipped message="expected [https://www.skyscanner.co.in/] but found [https://www.skyscanner.co.in/sttc/px/captcha-v2/index.html?url=Lz8=&amp;uuid=e2aa2340-0c75-11eb-832a-7d31b0ce91df&amp;vid=]"/>
    <system-out><![CDATA[handlingWindow Startded!!
Skipped TestCase: handlingWindow
]]></system-out>
  </testcase>
  <testcase name="handlingWindow[shanealfin720@gmail.com, alfinxavier.a](3)" classname="com.atmecs.automating_travelsite.tests.HandlingWindow" time="0">
    <skipped message="expected [https://www.skyscanner.co.in/] but found [https://www.skyscanner.co.in/sttc/px/captcha-v2/index.html?url=Lz8=&amp;uuid=dec37330-0c75-11eb-a2b3-49929970d97f&amp;vid=]"/>
    <system-out><![CDATA[handlingWindow Startded!!
Skipped TestCase: handlingWindow
]]></system-out>
  </testcase>
  <testcase name="handlingWindow[shanealfin720@gmail.com, alfinxavier.a](3)" classname="com.atmecs.automating_travelsite.tests.HandlingWindow" time="0">
    <skipped message="expected [https://www.skyscanner.co.in/] but found [https://www.skyscanner.co.in/sttc/px/captcha-v2/index.html?url=Lz8=&amp;uuid=e2aa2340-0c75-11eb-832a-7d31b0ce91df&amp;vid=]"/>
    <system-out><![CDATA[handlingWindow Startded!!
Skipped TestCase: handlingWindow
]]></system-out>
  </testcase>
  <testcase name="handlingWindow[shanealfin720@gmail.com, alfinxavier.a](4)" classname="com.atmecs.automating_travelsite.tests.HandlingWindow" time="0">
    <skipped message="expected [https://www.skyscanner.co.in/] but found [https://www.skyscanner.co.in/sttc/px/captcha-v2/index.html?url=Lz8=&amp;uuid=dec37330-0c75-11eb-a2b3-49929970d97f&amp;vid=]"/>
    <system-out><![CDATA[handlingWindow Startded!!
Skipped TestCase: handlingWindow
]]></system-out>
  </testcase>
  <testcase name="handlingWindow[shanealfin720@gmail.com, alfinxavier.a](4)" classname="com.atmecs.automating_travelsite.tests.HandlingWindow" time="0">
    <skipped message="expected [https://www.skyscanner.co.in/] but found [https://www.skyscanner.co.in/sttc/px/captcha-v2/index.html?url=Lz8=&amp;uuid=e2aa2340-0c75-11eb-832a-7d31b0ce91df&amp;vid=]"/>
    <system-out><![CDATA[handlingWindow Startded!!
Skipped TestCase: handlingWindow
]]></system-out>
  </testcase>
  <testcase name="handlingWindow[shanealfin720@gmail.com, alfinxavier.a](5)" classname="com.atmecs.automating_travelsite.tests.HandlingWindow" time="0">
    <skipped message="expected [https://www.skyscanner.co.in/] but found [https://www.skyscanner.co.in/sttc/px/captcha-v2/index.html?url=Lz8=&amp;uuid=dec37330-0c75-11eb-a2b3-49929970d97f&amp;vid=]"/>
    <system-out><![CDATA[handlingWindow Startded!!
Skipped TestCase: handlingWindow
]]></system-out>
  </testcase>
  <testcase name="handlingWindow[shanealfin720@gmail.com, alfinxavier.a](5)" classname="com.atmecs.automating_travelsite.tests.HandlingWindow" time="0">
    <skipped message="expected [https://www.skyscanner.co.in/] but found [https://www.skyscanner.co.in/sttc/px/captcha-v2/index.html?url=Lz8=&amp;uuid=e2aa2340-0c75-11eb-832a-7d31b0ce91df&amp;vid=]"/>
    <system-out><![CDATA[handlingWindow Startded!!
Skipped TestCase: handlingWindow
]]></system-out>
  </testcase>
  <testcase name="beforeTest[firefox](0)" classname="com.atmecs.automating_travelsite.tests.HandlingWindow" time="6.62">
    <failure message="expected [https://www.skyscanner.co.in/] but found [https://www.skyscanner.co.in/sttc/px/captcha-v2/index.html?url=Lz8=&amp;uuid=e2aa2340-0c75-11eb-832a-7d31b0ce91df&amp;vid=]" type="java.lang.AssertionError"><![CDATA[java.lang.AssertionError: expected [https://www.skyscanner.co.in/] but found [https://www.skyscanner.co.in/sttc/px/captcha-v2/index.html?url=Lz8=&uuid=e2aa2340-0c75-11eb-832a-7d31b0ce91df&vid=]
]]></failure>
    <system-out><![CDATA[https://www.skyscanner.co.in/sttc/px/captcha-v2/index.html?url=Lz8=&uuid=e2aa2340-0c75-11eb-832a-7d31b0ce91df&vid=
]]></system-out>
    <system-err><![CDATA[JavaScript error: resource://gre/modules/XULStore.jsm, line 66: Error: Can't find profile directory.
console.error: SearchCache: "_readCacheFile: Error reading cache file:" (new Error("", "(unknown module)"))
1602498600070	Marionette	INFO	Listening on port 50889
1602498600224	Marionette	WARN	TLS certificate errors will be ignored for this session
Oct 12, 2020 4:00:00 PM org.openqa.selenium.remote.ProtocolHandshake createSession
INFO: Detected dialect: W3C
]]></system-err>
  </testcase>
</testsuite>