<?xml version="1.0" encoding="UTF-8"?>
<testng-results ignored="0" total="12" passed="12" failed="0" skipped="0">
  <reporter-output>
  </reporter-output>
  <suite started-at="2020-09-29T10:24:43 IST" name="Suite" finished-at="2020-09-29T10:31:29 IST" duration-ms="405646">
    <groups>
    </groups>
    <test started-at="2020-09-29T10:24:43 IST" name="Test" finished-at="2020-09-29T10:31:29 IST" duration-ms="405646">
      <class name="com.atmecs.automating_travelsite.tests.HandlingWindow">
        <test-method is-config="true" signature="beforeTest()[pri:0, instance:com.atmecs.automating_travelsite.tests.HandlingWindow@670002]" started-at="2020-09-29T10:29:02 IST" name="beforeTest" finished-at="2020-09-29T10:29:21 IST" duration-ms="18692" status="PASS">
          <reporter-output>
          </reporter-output>
        </test-method> <!-- beforeTest -->
        <test-method signature="handlingWindow(java.lang.String, java.lang.String)[pri:0, instance:com.atmecs.automating_travelsite.tests.HandlingWindow@670002]" started-at="2020-09-29T10:29:21 IST" name="handlingWindow" data-provider="readData" finished-at="2020-09-29T10:29:28 IST" duration-ms="7258" status="PASS">
          <params>
            <param index="0">
              <value>
                <![CDATA[shanealfin720@gmail.com]]>
              </value>
            </param>
            <param index="1">
              <value>
                <![CDATA[alfinxavier.a]]>
              </value>
            </param>
          </params>
          <reporter-output>
          </reporter-output>
        </test-method> <!-- handlingWindow -->
        <test-method is-config="true" signature="afterTest()[pri:0, instance:com.atmecs.automating_travelsite.tests.HandlingWindow@670002]" started-at="2020-09-29T10:29:28 IST" name="afterTest" finished-at="2020-09-29T10:29:28 IST" duration-ms="64" status="PASS">
          <reporter-output>
          </reporter-output>
        </test-method> <!-- afterTest -->
        <test-method is-config="true" signature="beforeTest()[pri:0, instance:com.atmecs.automating_travelsite.tests.HandlingWindow@670002]" started-at="2020-09-29T10:29:28 IST" name="beforeTest" finished-at="2020-09-29T10:29:44 IST" duration-ms="15570" status="PASS">
          <reporter-output>
          </reporter-output>
        </test-method> <!-- beforeTest -->
        <test-method signature="handlingWindow(java.lang.String, java.lang.String)[pri:0, instance:com.atmecs.automating_travelsite.tests.HandlingWindow@670002]" started-at="2020-09-29T10:29:44 IST" name="handlingWindow" data-provider="readData" finished-at="2020-09-29T10:29:50 IST" duration-ms="5827" status="PASS">
          <params>
            <param index="0">
              <value>
                <![CDATA[alfin.anthonyraj@atmecs.com]]>
              </value>
            </param>
            <param index="1">
              <value>
                <![CDATA[ShaneAlfin.A@118]]>
              </value>
            </param>
          </params>
          <reporter-output>
          </reporter-output>
        </test-method> <!-- handlingWindow -->
        <test-method is-config="true" signature="afterTest()[pri:0, instance:com.atmecs.automating_travelsite.tests.HandlingWindow@670002]" started-at="2020-09-29T10:29:50 IST" name="afterTest" finished-at="2020-09-29T10:29:50 IST" duration-ms="89" status="PASS">
          <reporter-output>
          </reporter-output>
        </test-method> <!-- afterTest -->
        <test-method is-config="true" signature="beforeTest()[pri:0, instance:com.atmecs.automating_travelsite.tests.HandlingWindow@670002]" started-at="2020-09-29T10:29:50 IST" name="beforeTest" finished-at="2020-09-29T10:30:01 IST" duration-ms="11181" status="PASS">
          <reporter-output>
          </reporter-output>
        </test-method> <!-- beforeTest -->
        <test-method signature="handlingWindow(java.lang.String, java.lang.String)[pri:0, instance:com.atmecs.automating_travelsite.tests.HandlingWindow@670002]" started-at="2020-09-29T10:30:01 IST" name="handlingWindow" data-provider="readData" finished-at="2020-09-29T10:30:07 IST" duration-ms="5753" status="PASS">
          <params>
            <param index="0">
              <value>
                <![CDATA[shanealfin720@gmail.com]]>
              </value>
            </param>
            <param index="1">
              <value>
                <![CDATA[alfinxavier.a]]>
              </value>
            </param>
          </params>
          <reporter-output>
          </reporter-output>
        </test-method> <!-- handlingWindow -->
        <test-method is-config="true" signature="afterTest()[pri:0, instance:com.atmecs.automating_travelsite.tests.HandlingWindow@670002]" started-at="2020-09-29T10:30:07 IST" name="afterTest" finished-at="2020-09-29T10:30:07 IST" duration-ms="68" status="PASS">
          <reporter-output>
          </reporter-output>
        </test-method> <!-- afterTest -->
        <test-method is-config="true" signature="beforeTest()[pri:0, instance:com.atmecs.automating_travelsite.tests.HandlingWindow@670002]" started-at="2020-09-29T10:30:07 IST" name="beforeTest" finished-at="2020-09-29T10:30:21 IST" duration-ms="14717" status="PASS">
          <reporter-output>
          </reporter-output>
        </test-method> <!-- beforeTest -->
        <test-method signature="handlingWindow(java.lang.String, java.lang.String)[pri:0, instance:com.atmecs.automating_travelsite.tests.HandlingWindow@670002]" started-at="2020-09-29T10:30:21 IST" name="handlingWindow" data-provider="readData" finished-at="2020-09-29T10:30:28 IST" duration-ms="6698" status="PASS">
          <params>
            <param index="0">
              <value>
                <![CDATA[alfin.anthonyraj@atmecs.com]]>
              </value>
            </param>
            <param index="1">
              <value>
                <![CDATA[ShaneAlfin.A@118]]>
              </value>
            </param>
          </params>
          <reporter-output>
          </reporter-output>
        </test-method> <!-- handlingWindow -->
        <test-method is-config="true" signature="afterTest()[pri:0, instance:com.atmecs.automating_travelsite.tests.HandlingWindow@670002]" started-at="2020-09-29T10:30:28 IST" name="afterTest" finished-at="2020-09-29T10:30:28 IST" duration-ms="63" status="PASS">
          <reporter-output>
          </reporter-output>
        </test-method> <!-- afterTest -->
        <test-method is-config="true" signature="beforeTest()[pri:0, instance:com.atmecs.automating_travelsite.tests.HandlingWindow@670002]" started-at="2020-09-29T10:30:28 IST" name="beforeTest" finished-at="2020-09-29T10:30:43 IST" duration-ms="14321" status="PASS">
          <reporter-output>
          </reporter-output>
        </test-method> <!-- beforeTest -->
        <test-method signature="handlingWindow(java.lang.String, java.lang.String)[pri:0, instance:com.atmecs.automating_travelsite.tests.HandlingWindow@670002]" started-at="2020-09-29T10:30:43 IST" name="handlingWindow" data-provider="readData" finished-at="2020-09-29T10:30:48 IST" duration-ms="5874" status="PASS">
          <params>
            <param index="0">
              <value>
                <![CDATA[shanealfin720@gmail.com]]>
              </value>
            </param>
            <param index="1">
              <value>
                <![CDATA[alfinxavier.a]]>
              </value>
            </param>
          </params>
          <reporter-output>
          </reporter-output>
        </test-method> <!-- handlingWindow -->
        <test-method is-config="true" signature="afterTest()[pri:0, instance:com.atmecs.automating_travelsite.tests.HandlingWindow@670002]" started-at="2020-09-29T10:30:48 IST" name="afterTest" finished-at="2020-09-29T10:30:49 IST" duration-ms="63" status="PASS">
          <reporter-output>
          </reporter-output>
        </test-method> <!-- afterTest -->
        <test-method is-config="true" signature="beforeTest()[pri:0, instance:com.atmecs.automating_travelsite.tests.HandlingWindow@670002]" started-at="2020-09-29T10:30:49 IST" name="beforeTest" finished-at="2020-09-29T10:31:23 IST" duration-ms="34125" status="PASS">
          <reporter-output>
          </reporter-output>
        </test-method> <!-- beforeTest -->
        <test-method signature="handlingWindow(java.lang.String, java.lang.String)[pri:0, instance:com.atmecs.automating_travelsite.tests.HandlingWindow@670002]" started-at="2020-09-29T10:31:23 IST" name="handlingWindow" data-provider="readData" finished-at="2020-09-29T10:31:29 IST" duration-ms="5953" status="PASS">
          <params>
            <param index="0">
              <value>
                <![CDATA[alfin.anthonyraj@atmecs.com]]>
              </value>
            </param>
            <param index="1">
              <value>
                <![CDATA[ShaneAlfin.A@118]]>
              </value>
            </param>
          </params>
          <reporter-output>
          </reporter-output>
        </test-method> <!-- handlingWindow -->
        <test-method is-config="true" signature="afterTest()[pri:0, instance:com.atmecs.automating_travelsite.tests.HandlingWindow@670002]" started-at="2020-09-29T10:31:29 IST" name="afterTest" finished-at="2020-09-29T10:31:29 IST" duration-ms="65" status="PASS">
          <reporter-output>
          </reporter-output>
        </test-method> <!-- afterTest -->
      </class> <!-- com.atmecs.automating_travelsite.tests.HandlingWindow -->
      <class name="com.atmecs.automating_travelsite.tests.SearchingFlight">
        <test-method is-config="true" signature="beforeTest()[pri:0, instance:com.atmecs.automating_travelsite.tests.SearchingFlight@778d1062]" started-at="2020-09-29T10:24:44 IST" name="beforeTest" finished-at="2020-09-29T10:25:04 IST" duration-ms="20528" status="PASS">
          <reporter-output>
          </reporter-output>
        </test-method> <!-- beforeTest -->
        <test-method signature="searchingFlight(java.lang.String, java.lang.String)[pri:0, instance:com.atmecs.automating_travelsite.tests.SearchingFlight@778d1062]" started-at="2020-09-29T10:25:04 IST" name="searchingFlight" data-provider="readData" finished-at="2020-09-29T10:25:06 IST" duration-ms="1280" status="PASS">
          <params>
            <param index="0">
              <value>
                <![CDATA[Coimbatore]]>
              </value>
            </param>
            <param index="1">
              <value>
                <![CDATA[Chennai]]>
              </value>
            </param>
          </params>
          <reporter-output>
          </reporter-output>
        </test-method> <!-- searchingFlight -->
        <test-method is-config="true" signature="afterTest()[pri:0, instance:com.atmecs.automating_travelsite.tests.SearchingFlight@778d1062]" started-at="2020-09-29T10:25:06 IST" name="afterTest" finished-at="2020-09-29T10:25:10 IST" duration-ms="4401" status="PASS">
          <reporter-output>
          </reporter-output>
        </test-method> <!-- afterTest -->
        <test-method is-config="true" signature="beforeTest()[pri:0, instance:com.atmecs.automating_travelsite.tests.SearchingFlight@778d1062]" started-at="2020-09-29T10:25:10 IST" name="beforeTest" finished-at="2020-09-29T10:25:22 IST" duration-ms="12344" status="PASS">
          <reporter-output>
          </reporter-output>
        </test-method> <!-- beforeTest -->
        <test-method signature="searchingFlight(java.lang.String, java.lang.String)[pri:0, instance:com.atmecs.automating_travelsite.tests.SearchingFlight@778d1062]" started-at="2020-09-29T10:25:22 IST" name="searchingFlight" data-provider="readData" finished-at="2020-09-29T10:25:24 IST" duration-ms="1817" status="PASS">
          <params>
            <param index="0">
              <value>
                <![CDATA[Chennai]]>
              </value>
            </param>
            <param index="1">
              <value>
                <![CDATA[Bangalore]]>
              </value>
            </param>
          </params>
          <reporter-output>
          </reporter-output>
        </test-method> <!-- searchingFlight -->
        <test-method is-config="true" signature="afterTest()[pri:0, instance:com.atmecs.automating_travelsite.tests.SearchingFlight@778d1062]" started-at="2020-09-29T10:25:24 IST" name="afterTest" finished-at="2020-09-29T10:25:28 IST" duration-ms="4203" status="PASS">
          <reporter-output>
          </reporter-output>
        </test-method> <!-- afterTest -->
        <test-method is-config="true" signature="beforeTest()[pri:0, instance:com.atmecs.automating_travelsite.tests.SearchingFlight@778d1062]" started-at="2020-09-29T10:25:28 IST" name="beforeTest" finished-at="2020-09-29T10:25:35 IST" duration-ms="6746" status="PASS">
          <reporter-output>
          </reporter-output>
        </test-method> <!-- beforeTest -->
        <test-method signature="searchingFlight(java.lang.String, java.lang.String)[pri:0, instance:com.atmecs.automating_travelsite.tests.SearchingFlight@778d1062]" started-at="2020-09-29T10:25:35 IST" name="searchingFlight" data-provider="readData" finished-at="2020-09-29T10:27:43 IST" duration-ms="127583" status="PASS">
          <params>
            <param index="0">
              <value>
                <![CDATA[Bangalore]]>
              </value>
            </param>
            <param index="1">
              <value>
                <![CDATA[Coimbatore]]>
              </value>
            </param>
          </params>
          <reporter-output>
          </reporter-output>
        </test-method> <!-- searchingFlight -->
        <test-method is-config="true" signature="afterTest()[pri:0, instance:com.atmecs.automating_travelsite.tests.SearchingFlight@778d1062]" started-at="2020-09-29T10:27:43 IST" name="afterTest" finished-at="2020-09-29T10:27:47 IST" duration-ms="4383" status="PASS">
          <reporter-output>
          </reporter-output>
        </test-method> <!-- afterTest -->
        <test-method is-config="true" signature="beforeTest()[pri:0, instance:com.atmecs.automating_travelsite.tests.SearchingFlight@778d1062]" started-at="2020-09-29T10:27:47 IST" name="beforeTest" finished-at="2020-09-29T10:27:58 IST" duration-ms="10738" status="PASS">
          <reporter-output>
          </reporter-output>
        </test-method> <!-- beforeTest -->
        <test-method signature="searchingFlight(java.lang.String, java.lang.String)[pri:0, instance:com.atmecs.automating_travelsite.tests.SearchingFlight@778d1062]" started-at="2020-09-29T10:27:58 IST" name="searchingFlight" data-provider="readData" finished-at="2020-09-29T10:27:59 IST" duration-ms="1355" status="PASS">
          <params>
            <param index="0">
              <value>
                <![CDATA[Chennai]]>
              </value>
            </param>
            <param index="1">
              <value>
                <![CDATA[Coimbatore]]>
              </value>
            </param>
          </params>
          <reporter-output>
          </reporter-output>
        </test-method> <!-- searchingFlight -->
        <test-method is-config="true" signature="afterTest()[pri:0, instance:com.atmecs.automating_travelsite.tests.SearchingFlight@778d1062]" started-at="2020-09-29T10:27:59 IST" name="afterTest" finished-at="2020-09-29T10:28:00 IST" duration-ms="402" status="PASS">
          <reporter-output>
          </reporter-output>
        </test-method> <!-- afterTest -->
        <test-method is-config="true" signature="beforeTest()[pri:0, instance:com.atmecs.automating_travelsite.tests.SearchingFlight@778d1062]" started-at="2020-09-29T10:28:00 IST" name="beforeTest" finished-at="2020-09-29T10:28:10 IST" duration-ms="10614" status="PASS">
          <reporter-output>
          </reporter-output>
        </test-method> <!-- beforeTest -->
        <test-method signature="searchingFlight(java.lang.String, java.lang.String)[pri:0, instance:com.atmecs.automating_travelsite.tests.SearchingFlight@778d1062]" started-at="2020-09-29T10:28:10 IST" name="searchingFlight" data-provider="readData" finished-at="2020-09-29T10:28:12 IST" duration-ms="1696" status="PASS">
          <params>
            <param index="0">
              <value>
                <![CDATA[Bangalore]]>
              </value>
            </param>
            <param index="1">
              <value>
                <![CDATA[Coimbatore]]>
              </value>
            </param>
          </params>
          <reporter-output>
          </reporter-output>
        </test-method> <!-- searchingFlight -->
        <test-method is-config="true" signature="afterTest()[pri:0, instance:com.atmecs.automating_travelsite.tests.SearchingFlight@778d1062]" started-at="2020-09-29T10:28:12 IST" name="afterTest" finished-at="2020-09-29T10:28:16 IST" duration-ms="4378" status="PASS">
          <reporter-output>
          </reporter-output>
        </test-method> <!-- afterTest -->
        <test-method is-config="true" signature="beforeTest()[pri:0, instance:com.atmecs.automating_travelsite.tests.SearchingFlight@778d1062]" started-at="2020-09-29T10:28:16 IST" name="beforeTest" finished-at="2020-09-29T10:28:56 IST" duration-ms="40132" status="PASS">
          <reporter-output>
          </reporter-output>
        </test-method> <!-- beforeTest -->
        <test-method signature="searchingFlight(java.lang.String, java.lang.String)[pri:0, instance:com.atmecs.automating_travelsite.tests.SearchingFlight@778d1062]" started-at="2020-09-29T10:28:56 IST" name="searchingFlight" data-provider="readData" finished-at="2020-09-29T10:28:58 IST" duration-ms="1499" status="PASS">
          <params>
            <param index="0">
              <value>
                <![CDATA[Coimbatore]]>
              </value>
            </param>
            <param index="1">
              <value>
                <![CDATA[Chennai]]>
              </value>
            </param>
          </params>
          <reporter-output>
          </reporter-output>
        </test-method> <!-- searchingFlight -->
        <test-method is-config="true" signature="afterTest()[pri:0, instance:com.atmecs.automating_travelsite.tests.SearchingFlight@778d1062]" started-at="2020-09-29T10:28:58 IST" name="afterTest" finished-at="2020-09-29T10:29:02 IST" duration-ms="4378" status="PASS">
          <reporter-output>
          </reporter-output>
        </test-method> <!-- afterTest -->
      </class> <!-- com.atmecs.automating_travelsite.tests.SearchingFlight -->
    </test> <!-- Test -->
  </suite> <!-- Suite -->
</testng-results>
